#
# A fatal error has been detected by the Java Runtime Environment:
#
#  EXCEPTION_ACCESS_VIOLATION (0xc0000005) at pc=0x6cee1fda, pid=1456, tid=2660
#
# JRE version: Java(TM) SE Runtime Environment (7.0_51-b13) (build 1.7.0_51-b13)
# Java VM: Java HotSpot(TM) Client VM (24.51-b03 mixed mode, sharing windows-x86 )
# Problematic frame:
# C  [gdx.dll+0x21fda]
#
# Failed to write core dump. Minidumps are not enabled by default on client versions of Windows
#
# If you would like to submit a bug report, please visit:
#   http://bugreport.sun.com/bugreport/crash.jsp
# The crash happened outside the Java Virtual Machine in native code.
# See problematic frame for where to report the bug.
#

---------------  T H R E A D  ---------------

Current thread (0x004cec00):  JavaThread "LWJGL Application" [_thread_in_native, id=2660, stack(0x04680000,0x046d0000)]

siginfo: ExceptionCode=0xc0000005, reading address 0x0052cd00

Registers:
EAX=0x0052cca0, EBX=0x04011448, ECX=0x7ff4e000, EDX=0x04011448
ESP=0x046cf6c0, EBP=0x046cf728, ESI=0x33b8e6a8, EDI=0x004cec00
EIP=0x6cee1fda, EFLAGS=0x00010206

Top of Stack: (sp=0x046cf6c0)
0x046cf6c0:   046cf6ec 046cf6d4 5def04d4 046cf6e8
0x046cf6d0:   004cec00 046cf718 5df4b1bd 1d2d2579
0x046cf6e0:   046cf704 5df97da3 5e185a60 00000000
0x046cf6f0:   0000001c 00000000 0000000e 046c0000
0x046cf700:   046cf71c 6cf145c0 6cf14da8 046cf720
0x046cf710:   6cee2061 046cf6c0 5df49e7f 004cec00
0x046cf720:   00000006 00000008 046cf784 6ceeb634
0x046cf730:   04011448 33b7a16f 000000b6 046cf84c 

Instructions: (pc=0x6cee1fda)
0x6cee1fba:   e8 c1 bd 02 00 8b 55 08 8b 82 28 92 01 00 85 c0
0x6cee1fca:   75 0e eb 48 66 90 8b 45 c0 85 c0 74 3f 8b 45 c0
0x6cee1fda:   8b 50 60 8b 40 64 89 55 c0 85 c0 74 e9 8b 50 04
0x6cee1fea:   c7 40 1c 00 00 00 00 89 04 24 c7 45 c8 01 00 00 


Register to memory mapping:

EAX=0x0052cca0 is an unknown value
EBX=0x04011448 is an unknown value
ECX=0x7ff4e000 is an unknown value
EDX=0x04011448 is an unknown value
ESP=0x046cf6c0 is pointing into the stack for thread: 0x004cec00
EBP=0x046cf728 is pointing into the stack for thread: 0x004cec00
ESI=0x33b8e6a8 is an oop
{method} 
 - klass: {other class}
EDI=0x004cec00 is a thread


Stack: [0x04680000,0x046d0000],  sp=0x046cf6c0,  free space=317k
Native frames: (J=compiled Java code, j=interpreted, Vv=VM code, C=native code)
C  [gdx.dll+0x21fda]
C  [gdx.dll+0x2b634]
j  com.badlogic.gdx.physics.box2d.World.dispose()V+5
j  com.me.mygdxgame.game.WorldController.dispose()V+11
j  com.me.mygdxgame.screens.GameScreen.hide()V+4
j  com.badlogic.gdx.Game.setScreen(Lcom/badlogic/gdx/Screen;)V+11
j  com.me.mygdxgame.game.WorldController.backToMenu()V+15
j  com.me.mygdxgame.game.WorldController.update(F)V+51
j  com.me.mygdxgame.screens.GameScreen.render(F)V+12
j  com.badlogic.gdx.Game.render()V+19
j  com.badlogic.gdx.backends.lwjgl.LwjglApplication.mainLoop()V+642
j  com.badlogic.gdx.backends.lwjgl.LwjglApplication$1.run()V+27
v  ~StubRoutines::call_stub
V  [jvm.dll+0x13f35a]
V  [jvm.dll+0x202c6e]
V  [jvm.dll+0x13f525]
V  [jvm.dll+0x13f587]
V  [jvm.dll+0xeb81f]
V  [jvm.dll+0x16059c]
V  [jvm.dll+0x160fd7]
V  [jvm.dll+0x1a4b79]
C  [msvcr100.dll+0x5c556]
C  [msvcr100.dll+0x5c600]
C  [kernel32.dll+0x51154]
C  [ntdll.dll+0x5b299]
C  [ntdll.dll+0x5b26c]

Java frames: (J=compiled Java code, j=interpreted, Vv=VM code)
j  com.badlogic.gdx.physics.box2d.World.jniDispose(J)V+0
j  com.badlogic.gdx.physics.box2d.World.dispose()V+5
j  com.me.mygdxgame.game.WorldController.dispose()V+11
j  com.me.mygdxgame.screens.GameScreen.hide()V+4
j  com.badlogic.gdx.Game.setScreen(Lcom/badlogic/gdx/Screen;)V+11
j  com.me.mygdxgame.game.WorldController.backToMenu()V+15
j  com.me.mygdxgame.game.WorldController.update(F)V+51
j  com.me.mygdxgame.screens.GameScreen.render(F)V+12
j  com.badlogic.gdx.Game.render()V+19
j  com.badlogic.gdx.backends.lwjgl.LwjglApplication.mainLoop()V+642
j  com.badlogic.gdx.backends.lwjgl.LwjglApplication$1.run()V+27
v  ~StubRoutines::call_stub

---------------  P R O C E S S  ---------------

Java Threads: ( => current thread )
  0x004d0000 JavaThread "LWJGL Timer" daemon [_thread_blocked, id=7588, stack(0x08120000,0x08170000)]
  0x004cf800 JavaThread "AsynchExecutor-Thread" daemon [_thread_blocked, id=5496, stack(0x08090000,0x080e0000)]
  0x004cf400 JavaThread "DestroyJavaVM" [_thread_blocked, id=7772, stack(0x017a0000,0x017f0000)]
=>0x004cec00 JavaThread "LWJGL Application" [_thread_in_native, id=2660, stack(0x04680000,0x046d0000)]
  0x004ce800 JavaThread "Java2D Disposer" daemon [_thread_blocked, id=3420, stack(0x04150000,0x041a0000)]
  0x004ce000 JavaThread "Service Thread" daemon [_thread_blocked, id=7988, stack(0x03b50000,0x03ba0000)]
  0x004dcc00 JavaThread "C1 CompilerThread0" daemon [_thread_blocked, id=6644, stack(0x03bb0000,0x03c00000)]
  0x004cdc00 JavaThread "Attach Listener" daemon [_thread_blocked, id=4212, stack(0x03cf0000,0x03d40000)]
  0x004cd400 JavaThread "Signal Dispatcher" daemon [_thread_blocked, id=1436, stack(0x03ae0000,0x03b30000)]
  0x00463400 JavaThread "Finalizer" daemon [_thread_blocked, id=6228, stack(0x03a40000,0x03a90000)]
  0x0045e400 JavaThread "Reference Handler" daemon [_thread_blocked, id=7464, stack(0x039b0000,0x03a00000)]

Other Threads:
  0x0045cc00 VMThread [stack: 0x03940000,0x03990000] [id=3944]
  0x004f2000 WatcherThread [stack: 0x03d90000,0x03de0000] [id=5996]

VM state:not at safepoint (normal execution)

VM Mutex/Monitor currently owned by a thread: None

Heap
 def new generation   total 16064K, used 6685K [0x237a0000, 0x24900000, 0x28cf0000)
  eden space 14336K,  41% used [0x237a0000, 0x23d6c578, 0x245a0000)
  from space 1728K,  43% used [0x24750000, 0x2480b008, 0x24900000)
  to   space 1728K,   0% used [0x245a0000, 0x245a0000, 0x24750000)
 tenured generation   total 35576K, used 27523K [0x28cf0000, 0x2afae000, 0x337a0000)
   the space 35576K,  77% used [0x28cf0000, 0x2a7d0ea0, 0x2a7d1000, 0x2afae000)
 compacting perm gen  total 12288K, used 4196K [0x337a0000, 0x343a0000, 0x377a0000)
   the space 12288K,  34% used [0x337a0000, 0x33bb9128, 0x33bb9200, 0x343a0000)
    ro space 10240K,  41% used [0x377a0000, 0x37bd2050, 0x37bd2200, 0x381a0000)
    rw space 12288K,  52% used [0x381a0000, 0x387e6800, 0x387e6800, 0x38da0000)

Card table byte_map: [0x017f0000,0x018a0000] byte_map_base: 0x016d4300

Polling page: 0x00120000

Code Cache  [0x018b0000, 0x01a50000, 0x038b0000)
 total_blobs=899 nmethods=602 adapters=234 free_code_cache=31109Kb largest_free_block=31855616

Compilation events (10 events):
Event: 11.804 Thread 0x004dcc00  609             java.lang.ThreadLocal::getMap (5 bytes)
Event: 11.804 Thread 0x004dcc00 nmethod 609 0x01a499c8 code [0x01a49ac0, 0x01a49b40]
Event: 11.913 Thread 0x004dcc00  610             java.lang.ThreadLocal::access$400 (5 bytes)
Event: 11.913 Thread 0x004dcc00 nmethod 610 0x01a49bc8 code [0x01a49cc0, 0x01a49d30]
Event: 11.921 Thread 0x004dcc00  611             com.badlogic.gdx.utils.Array::<init> (7 bytes)
Event: 11.921 Thread 0x004dcc00 nmethod 611 0x01a49d88 code [0x01a49e80, 0x01a49f90]
Event: 12.043 Thread 0x004dcc00  612   !         com.badlogic.gdx.graphics.g2d.TextureAtlas$TextureAtlasData::<init> (670 bytes)
Event: 12.047 Thread 0x004dcc00 nmethod 612 0x01a4a008 code [0x01a4a480, 0x01a4b9e4]
Event: 12.160 Thread 0x004dcc00  613             com.badlogic.gdx.utils.reflect.Field::getType (8 bytes)
Event: 12.160 Thread 0x004dcc00 nmethod 613 0x01a4ea08 code [0x01a4eb00, 0x01a4eb90]

GC Heap History (10 events):
Event: 1.884 GC heap before
{Heap before GC invocations=25 (full 2):
 def new generation   total 9920K, used 8337K [0x237a0000, 0x24260000, 0x28cf0000)
  eden space 8832K,  94% used [0x237a0000, 0x23fc4010, 0x24040000)
  from space 1088K,   0% used [0x24150000, 0x241504a8, 0x24260000)
  to   space 1088K,   0% used [0x24040000, 0x24040000, 0x24150000)
 tenured generation   total 21896K, used 10632K [0x28cf0000, 0x2a252000, 0x337a0000)
   the space 21896K,  48% used [0x28cf0000, 0x297523e8, 0x29752400, 0x2a252000)
 compacting perm gen  total 12288K, used 843K [0x337a0000, 0x343a0000, 0x377a0000)
   the space 12288K,   6% used [0x337a0000, 0x33872d08, 0x33872e00, 0x343a0000)
    ro space 10240K,  41% used [0x377a0000, 0x37bd2050, 0x37bd2200, 0x381a0000)
    rw space 12288K,  52% used [0x381a0000, 0x387e6800, 0x387e6800, 0x38da0000)
Event: 1.887 GC heap after
Heap after GC invocations=26 (full 2):
 def new generation   total 9920K, used 0K [0x237a0000, 0x24260000, 0x28cf0000)
  eden space 8832K,   0% used [0x237a0000, 0x237a0000, 0x24040000)
  from space 1088K,   0% used [0x24040000, 0x240401d0, 0x24150000)
  to   space 1088K,   0% used [0x24150000, 0x24150000, 0x24260000)
 tenured generation   total 21896K, used 18825K [0x28cf0000, 0x2a252000, 0x337a0000)
   the space 21896K,  85% used [0x28cf0000, 0x29f52408, 0x29f52600, 0x2a252000)
 compacting perm gen  total 12288K, used 843K [0x337a0000, 0x343a0000, 0x377a0000)
   the space 12288K,   6% used [0x337a0000, 0x33872d08, 0x33872e00, 0x343a0000)
    ro space 10240K,  41% used [0x377a0000, 0x37bd2050, 0x37bd2200, 0x381a0000)
    rw space 12288K,  52% used [0x381a0000, 0x387e6800, 0x387e6800, 0x38da0000)
}
Event: 1.888 GC heap before
{Heap before GC invocations=26 (full 2):
 def new generation   total 9920K, used 8287K [0x237a0000, 0x24260000, 0x28cf0000)
  eden space 8832K,  93% used [0x237a0000, 0x23fb7ac0, 0x24040000)
  from space 1088K,   0% used [0x24040000, 0x240401d0, 0x24150000)
  to   space 1088K,   0% used [0x24150000, 0x24150000, 0x24260000)
 tenured generation   total 21896K, used 18825K [0x28cf0000, 0x2a252000, 0x337a0000)
   the space 21896K,  85% used [0x28cf0000, 0x29f52408, 0x29f52600, 0x2a252000)
 compacting perm gen  total 12288K, used 843K [0x337a0000, 0x343a0000, 0x377a0000)
   the space 12288K,   6% used [0x337a0000, 0x33872d08, 0x33872e00, 0x343a0000)
    ro space 10240K,  41% used [0x377a0000, 0x37bd2050, 0x37bd2200, 0x381a0000)
    rw space 12288K,  52% used [0x381a0000, 0x387e6800, 0x387e6800, 0x38da0000)
Event: 1.915 GC heap after
Heap after GC invocations=27 (full 3):
 def new generation   total 16064K, used 0K [0x237a0000, 0x24900000, 0x28cf0000)
  eden space 14336K,   0% used [0x237a0000, 0x237a0000, 0x245a0000)
  from space 1728K,   0% used [0x245a0000, 0x245a0000, 0x24750000)
  to   space 1728K,   0% used [0x24750000, 0x24750000, 0x24900000)
 tenured generation   total 35576K, used 21345K [0x28cf0000, 0x2afae000, 0x337a0000)
   the space 35576K,  59% used [0x28cf0000, 0x2a1c8558, 0x2a1c8600, 0x2afae000)
 compacting perm gen  total 12288K, used 843K [0x337a0000, 0x343a0000, 0x377a0000)
   the space 12288K,   6% used [0x337a0000, 0x33872d08, 0x33872e00, 0x343a0000)
    ro space 10240K,  41% used [0x377a0000, 0x37bd2050, 0x37bd2200, 0x381a0000)
    rw space 12288K,  52% used [0x381a0000, 0x387e6800, 0x387e6800, 0x38da0000)
}
Event: 2.544 GC heap before
{Heap before GC invocations=27 (full 3):
 def new generation   total 16064K, used 14336K [0x237a0000, 0x24900000, 0x28cf0000)
  eden space 14336K, 100% used [0x237a0000, 0x245a0000, 0x245a0000)
  from space 1728K,   0% used [0x245a0000, 0x245a0000, 0x24750000)
  to   space 1728K,   0% used [0x24750000, 0x24750000, 0x24900000)
 tenured generation   total 35576K, used 21345K [0x28cf0000, 0x2afae000, 0x337a0000)
   the space 35576K,  59% used [0x28cf0000, 0x2a1c8558, 0x2a1c8600, 0x2afae000)
 compacting perm gen  total 12288K, used 1029K [0x337a0000, 0x343a0000, 0x377a0000)
   the space 12288K,   8% used [0x337a0000, 0x338a1790, 0x338a1800, 0x343a0000)
    ro space 10240K,  41% used [0x377a0000, 0x37bd2050, 0x37bd2200, 0x381a0000)
    rw space 12288K,  52% used [0x381a0000, 0x387e6800, 0x387e6800, 0x38da0000)
Event: 2.547 GC heap after
Heap after GC invocations=28 (full 3):
 def new generation   total 16064K, used 234K [0x237a0000, 0x24900000, 0x28cf0000)
  eden space 14336K,   0% used [0x237a0000, 0x237a0000, 0x245a0000)
  from space 1728K,  13% used [0x24750000, 0x2478a9d0, 0x24900000)
  to   space 1728K,   0% used [0x245a0000, 0x245a0000, 0x24750000)
 tenured generation   total 35576K, used 25441K [0x28cf0000, 0x2afae000, 0x337a0000)
   the space 35576K,  71% used [0x28cf0000, 0x2a5c8568, 0x2a5c8600, 0x2afae000)
 compacting perm gen  total 12288K, used 1029K [0x337a0000, 0x343a0000, 0x377a0000)
   the space 12288K,   8% used [0x337a0000, 0x338a1790, 0x338a1800, 0x343a0000)
    ro space 10240K,  41% used [0x377a0000, 0x37bd2050, 0x37bd2200, 0x381a0000)
    rw space 12288K,  52% used [0x381a0000, 0x387e6800, 0x387e6800, 0x38da0000)
}
Event: 4.271 GC heap before
{Heap before GC invocations=28 (full 3):
 def new generation   total 16064K, used 14570K [0x237a0000, 0x24900000, 0x28cf0000)
  eden space 14336K, 100% used [0x237a0000, 0x245a0000, 0x245a0000)
  from space 1728K,  13% used [0x24750000, 0x2478a9d0, 0x24900000)
  to   space 1728K,   0% used [0x245a0000, 0x245a0000, 0x24750000)
 tenured generation   total 35576K, used 25441K [0x28cf0000, 0x2afae000, 0x337a0000)
   the space 35576K,  71% used [0x28cf0000, 0x2a5c8568, 0x2a5c8600, 0x2afae000)
 compacting perm gen  total 12288K, used 4140K [0x337a0000, 0x343a0000, 0x377a0000)
   the space 12288K,  33% used [0x337a0000, 0x33bab308, 0x33bab400, 0x343a0000)
    ro space 10240K,  41% used [0x377a0000, 0x37bd2050, 0x37bd2200, 0x381a0000)
    rw space 12288K,  52% used [0x381a0000, 0x387e6800, 0x387e6800, 0x38da0000)
Event: 4.282 GC heap after
Heap after GC invocations=29 (full 3):
 def new generation   total 16064K, used 1728K [0x237a0000, 0x24900000, 0x28cf0000)
  eden space 14336K,   0% used [0x237a0000, 0x237a0000, 0x245a0000)
  from space 1728K, 100% used [0x245a0000, 0x24750000, 0x24750000)
  to   space 1728K,   0% used [0x24750000, 0x24750000, 0x24900000)
 tenured generation   total 35576K, used 26546K [0x28cf0000, 0x2afae000, 0x337a0000)
   the space 35576K,  74% used [0x28cf0000, 0x2a6dc9c8, 0x2a6dca00, 0x2afae000)
 compacting perm gen  total 12288K, used 4140K [0x337a0000, 0x343a0000, 0x377a0000)
   the space 12288K,  33% used [0x337a0000, 0x33bab308, 0x33bab400, 0x343a0000)
    ro space 10240K,  41% used [0x377a0000, 0x37bd2050, 0x37bd2200, 0x381a0000)
    rw space 12288K,  52% used [0x381a0000, 0x387e6800, 0x387e6800, 0x38da0000)
}
Event: 9.960 GC heap before
{Heap before GC invocations=29 (full 3):
 def new generation   total 16064K, used 16064K [0x237a0000, 0x24900000, 0x28cf0000)
  eden space 14336K, 100% used [0x237a0000, 0x245a0000, 0x245a0000)
  from space 1728K, 100% used [0x245a0000, 0x24750000, 0x24750000)
  to   space 1728K,   0% used [0x24750000, 0x24750000, 0x24900000)
 tenured generation   total 35576K, used 26546K [0x28cf0000, 0x2afae000, 0x337a0000)
   the space 35576K,  74% used [0x28cf0000, 0x2a6dc9c8, 0x2a6dca00, 0x2afae000)
 compacting perm gen  total 12288K, used 4196K [0x337a0000, 0x343a0000, 0x377a0000)
   the space 12288K,  34% used [0x337a0000, 0x33bb9118, 0x33bb9200, 0x343a0000)
    ro space 10240K,  41% used [0x377a0000, 0x37bd2050, 0x37bd2200, 0x381a0000)
    rw space 12288K,  52% used [0x381a0000, 0x387e6800, 0x387e6800, 0x38da0000)
Event: 9.967 GC heap after
Heap after GC invocations=30 (full 3):
 def new generation   total 16064K, used 748K [0x237a0000, 0x24900000, 0x28cf0000)
  eden space 14336K,   0% used [0x237a0000, 0x237a0000, 0x245a0000)
  from space 1728K,  43% used [0x24750000, 0x2480b008, 0x24900000)
  to   space 1728K,   0% used [0x245a0000, 0x245a0000, 0x24750000)
 tenured generation   total 35576K, used 27523K [0x28cf0000, 0x2afae000, 0x337a0000)
   the space 35576K,  77% used [0x28cf0000, 0x2a7d0ea0, 0x2a7d1000, 0x2afae000)
 compacting perm gen  total 12288K, used 4196K [0x337a0000, 0x343a0000, 0x377a0000)
   the space 12288K,  34% used [0x337a0000, 0x33bb9118, 0x33bb9200, 0x343a0000)
    ro space 10240K,  41% used [0x377a0000, 0x37bd2050, 0x37bd2200, 0x381a0000)
    rw space 12288K,  52% used [0x381a0000, 0x387e6800, 0x387e6800, 0x38da0000)
}

Deoptimization events (0 events):
No events

Internal exceptions (10 events):
Event: 4.268 Thread 0x004cec00 Threw 0x2457e440 at C:\re\jdk7u51\527\hotspot\src\share\vm\prims\jvm.cpp:1244
Event: 4.269 Thread 0x004cec00 Threw 0x2458a798 at C:\re\jdk7u51\527\hotspot\src\share\vm\prims\jvm.cpp:1244
Event: 4.285 Thread 0x004cec00 Threw 0x237b7bc8 at C:\re\jdk7u51\527\hotspot\src\share\vm\prims\jvm.cpp:1244
Event: 4.288 Thread 0x004cec00 Threw 0x237c5f20 at C:\re\jdk7u51\527\hotspot\src\share\vm\prims\jvm.cpp:1244
Event: 4.292 Thread 0x004cec00 Threw 0x237db490 at C:\re\jdk7u51\527\hotspot\src\share\vm\prims\jvm.cpp:1244
Event: 4.397 Thread 0x004cec00 Threw 0x23880d18 at C:\re\jdk7u51\527\hotspot\src\share\vm\prims\jvm.cpp:1244
Event: 4.399 Thread 0x004cec00 Threw 0x23884940 at C:\re\jdk7u51\527\hotspot\src\share\vm\prims\jvm.cpp:1244
Event: 4.409 Thread 0x004cec00 Threw 0x23887e98 at C:\re\jdk7u51\527\hotspot\src\share\vm\prims\jvm.cpp:1244
Event: 5.459 Thread 0x004cec00 Threw 0x23b11c80 at C:\re\jdk7u51\527\hotspot\src\share\vm\prims\jvm.cpp:1244
Event: 5.460 Thread 0x004cec00 Threw 0x23b1c6d0 at C:\re\jdk7u51\527\hotspot\src\share\vm\prims\jvm.cpp:1244

Events (10 events):
Event: 9.971 Executing VM operation: RevokeBias
Event: 9.971 Executing VM operation: RevokeBias done
Event: 9.971 Executing VM operation: RevokeBias
Event: 9.971 Executing VM operation: RevokeBias done
Event: 9.971 Executing VM operation: RevokeBias
Event: 9.971 Executing VM operation: RevokeBias done
Event: 9.971 Executing VM operation: BulkRevokeBias
Event: 9.971 Executing VM operation: BulkRevokeBias done
Event: 9.971 Executing VM operation: BulkRevokeBias
Event: 9.971 Executing VM operation: BulkRevokeBias done


Dynamic libraries:
0x00140000 - 0x0016f000 	C:\Program Files\Java\jre7\bin\javaw.exe
0x77390000 - 0x774cc000 	C:\windows\SYSTEM32\ntdll.dll
0x77190000 - 0x77264000 	C:\windows\system32\kernel32.dll
0x755a0000 - 0x755eb000 	C:\windows\system32\KERNELBASE.dll
0x76c90000 - 0x76d30000 	C:\windows\system32\ADVAPI32.dll
0x75bb0000 - 0x75c5c000 	C:\windows\system32\msvcrt.dll
0x76a50000 - 0x76a69000 	C:\windows\SYSTEM32\sechost.dll
0x770e0000 - 0x77181000 	C:\windows\system32\RPCRT4.dll
0x76a90000 - 0x76b59000 	C:\windows\system32\USER32.dll
0x75950000 - 0x7599e000 	C:\windows\system32\GDI32.dll
0x77570000 - 0x7757a000 	C:\windows\system32\LPK.dll
0x759a0000 - 0x75a3e000 	C:\windows\system32\USP10.dll
0x74660000 - 0x747fe000 	C:\windows\WinSxS\x86_microsoft.windows.common-controls_6595b64144ccf1df_6.0.7600.16661_none_420fe3fa2b8113bd\COMCTL32.dll
0x758f0000 - 0x75947000 	C:\windows\system32\SHLWAPI.dll
0x76a70000 - 0x76a8f000 	C:\windows\system32\IMM32.DLL
0x75820000 - 0x758ec000 	C:\windows\system32\MSCTF.dll
0x56430000 - 0x564ef000 	C:\Program Files\Java\jre7\bin\msvcr100.dll
0x5dee0000 - 0x5e260000 	C:\Program Files\Java\jre7\bin\client\jvm.dll
0x74aa0000 - 0x74aa7000 	C:\windows\system32\WSOCK32.dll
0x774d0000 - 0x77505000 	C:\windows\system32\WS2_32.dll
0x76be0000 - 0x76be6000 	C:\windows\system32\NSI.dll
0x748d0000 - 0x74902000 	C:\windows\system32\WINMM.dll
0x76bf0000 - 0x76bf5000 	C:\windows\system32\PSAPI.DLL
0x5ded0000 - 0x5dedc000 	C:\Program Files\Java\jre7\bin\verify.dll
0x5deb0000 - 0x5ded0000 	C:\Program Files\Java\jre7\bin\java.dll
0x5de90000 - 0x5dea3000 	C:\Program Files\Java\jre7\bin\zip.dll
0x558d0000 - 0x55a13000 	C:\Program Files\Java\jre7\bin\awt.dll
0x76c00000 - 0x76c8f000 	C:\windows\system32\OLEAUT32.dll
0x76f80000 - 0x770dc000 	C:\windows\system32\ole32.dll
0x73970000 - 0x73983000 	C:\windows\system32\DWMAPI.DLL
0x6cec0000 - 0x6cf42000 	C:\Users\usuario\AppData\Local\Temp\libgdxusuario\6df0928e\gdx.dll
0x10000000 - 0x1004c000 	C:\Users\usuario\AppData\Local\Temp\libgdxusuario\52d76f2b\lwjgl.dll
0x5d9e0000 - 0x5daa8000 	C:\windows\system32\OPENGL32.dll
0x5d230000 - 0x5d252000 	C:\windows\system32\GLU32.dll
0x55a80000 - 0x55b67000 	C:\windows\system32\DDRAW.dll
0x73bc0000 - 0x73bc6000 	C:\windows\system32\DCIMAN32.dll
0x768b0000 - 0x76a4d000 	C:\windows\system32\SETUPAPI.dll
0x756d0000 - 0x756f7000 	C:\windows\system32\CFGMGR32.dll
0x75620000 - 0x75632000 	C:\windows\system32\DEVOBJ.dll
0x74ad0000 - 0x74ad9000 	C:\windows\system32\VERSION.dll
0x040e0000 - 0x04145000 	C:\Users\usuario\AppData\Local\Temp\libgdxusuario\52d76f2b\OpenAL32.dll
0x75c60000 - 0x768a9000 	C:\windows\system32\SHELL32.dll
0x754a0000 - 0x754ac000 	C:\windows\system32\CRYPTBASE.dll
0x73e40000 - 0x73e80000 	C:\windows\system32\uxtheme.dll
0x66fe0000 - 0x67000000 	C:\Program Files\Common Files\Spigot\Search Settings\wth166.dll
0x04280000 - 0x042fd000 	c:\Program Files\Hewlett-Packard\HP ProtectTools Security Manager\Bin\DpoFeedb.dll
0x74be0000 - 0x74bf7000 	C:\windows\system32\USERENV.dll
0x75520000 - 0x7552b000 	C:\windows\system32\profapi.dll
0x76ef0000 - 0x76f73000 	C:\windows\system32\CLBCatQ.DLL
0x74500000 - 0x745f5000 	C:\windows\System32\PROPSYS.dll
0x755f0000 - 0x7561d000 	C:\windows\system32\WINTRUST.dll
0x75700000 - 0x7581e000 	C:\windows\system32\CRYPT32.dll
0x75590000 - 0x7559c000 	C:\windows\system32\MSASN1.dll
0x73e80000 - 0x73ef2000 	C:\windows\system32\dsound.dll
0x73f70000 - 0x73f95000 	C:\windows\system32\POWRPROF.dll
0x73f30000 - 0x73f69000 	C:\windows\System32\MMDevApi.dll
0x73be0000 - 0x73c16000 	C:\windows\system32\AUDIOSES.DLL
0x05040000 - 0x05ae3000 	C:\windows\system32\ig4icd32.dll
0x03a00000 - 0x03a38000 	C:\Program Files\WIDCOMM\Bluetooth Software\btmmhook.dll
0x6bd80000 - 0x6bd9f000 	c:\Program Files\Hewlett-Packard\HP ProtectTools Security Manager\Bin\DpoSet.dll
0x6d990000 - 0x6da1e000 	C:\windows\WinSxS\x86_microsoft.vc90.crt_1fc8b3b9a1e18e3b_9.0.30729.4974_none_50940634bcb759cb\MSVCP90.dll
0x70b90000 - 0x70c33000 	C:\windows\WinSxS\x86_microsoft.vc90.crt_1fc8b3b9a1e18e3b_9.0.30729.4974_none_50940634bcb759cb\MSVCR90.dll
0x6bda0000 - 0x6be19000 	C:\windows\system32\mscms.dll
0x6bce0000 - 0x6bd18000 	C:\windows\system32\icm32.dll
0x03d40000 - 0x03d61000 	C:\Program Files\WIDCOMM\Bluetooth Software\btkeyind.dll
0x6f260000 - 0x6f34b000 	C:\windows\system32\dbghelp.dll

VM Arguments:
jvm_args: -Dfile.encoding=Cp1252 
java_command: com.me.mygdxgame.Main
Launcher Type: SUN_STANDARD

Environment Variables:
JAVA_HOME=C:\Program Files\Java\jdk1.7.0
CLASSPATH=.;C:\Program Files\Java\jre7\lib\ext\QTJava.zip
PATH=C:/Program Files/Java/jre7/bin/client;C:/Program Files/Java/jre7/bin;C:/Program Files/Java/jre7/lib/i386;C:\Software\Oracle\oraclexe\app\oracle\product\11.2.0\server\bin;;C:\Software\Oracle\ODAC;C:\Software\Oracle\ODAC\bin;C:\windows\system32;C:\windows;C:\windows\System32\Wbem;C:\windows\System32\WindowsPowerShell\v1.0\;c:\Program Files\Common Files\Roxio Shared\DLLShared\;c:\Program Files\Common Files\Roxio Shared\10.0\DLLShared\;C:\Program Files\ActivIdentity\ActivClient\;c:\Program Files\Hewlett-Packard\Drive Encryption\;C:\Program Files\WIDCOMM\Bluetooth Software\;C:\Program Files\Common Files\Acronis\SnapAPI\;c:\Program Files\Microsoft SQL Server\90\Tools\binn\;C:\Program Files\MATLAB\R2008a\bin;C:\Program Files\MATLAB\R2008a\bin\win32;JAVA_HOME\bin;C:\Program Files\QuickTime\QTSystem\;C:\Software\Doxygen\doxygen\bin;C:\Program Files\AMD\CodeAnalyst\bin;C:\Program Files\Microsoft\Web Platform Installer\;C:\Program Files\Microsoft ASP.NET\ASP.NET Web Pages\v1.0\;C:\Program Files\Windows Kits\8.0\Windows Performance Toolkit\;C:\Program Files\Microsoft SQL Server\110\Tools\Binn\;C:\Program Files\Eclipse Android\adt-bundle-windows-x86-20131030\eclipse;
USERNAME=usuario
OS=Windows_NT
PROCESSOR_IDENTIFIER=x86 Family 6 Model 37 Stepping 2, GenuineIntel



---------------  S Y S T E M  ---------------

OS: Windows 7 Build 7600 

CPU:total 4 (2 cores per cpu, 2 threads per core) family 6 model 37 stepping 2, cmov, cx8, fxsr, mmx, sse, sse2, sse3, ssse3, sse4.1, sse4.2, popcnt, aes, ht, tsc, tscinvbit

Memory: 4k page, physical 3063224k(850044k free), swap 6124684k(2916844k free)

vm_info: Java HotSpot(TM) Client VM (24.51-b03) for windows-x86 JRE (1.7.0_51-b13), built on Dec 18 2013 19:09:58 by "java_re" with unknown MS VC++:1600

time: Thu Mar 27 17:10:22 2014
elapsed time: 12 seconds

