#
# A fatal error has been detected by the Java Runtime Environment:
#
#  EXCEPTION_ACCESS_VIOLATION (0xc0000005) at pc=0x6cee2108, pid=9708, tid=8056
#
# JRE version: Java(TM) SE Runtime Environment (7.0_51-b13) (build 1.7.0_51-b13)
# Java VM: Java HotSpot(TM) Client VM (24.51-b03 mixed mode, sharing windows-x86 )
# Problematic frame:
# C  [gdx.dll+0x22108]
#
# Failed to write core dump. Minidumps are not enabled by default on client versions of Windows
#
# If you would like to submit a bug report, please visit:
#   http://bugreport.sun.com/bugreport/crash.jsp
# The crash happened outside the Java Virtual Machine in native code.
# See problematic frame for where to report the bug.
#

---------------  T H R E A D  ---------------

Current thread (0x03d4fc00):  JavaThread "LWJGL Application" [_thread_in_native, id=8056, stack(0x04450000,0x044a0000)]

siginfo: ExceptionCode=0xc0000005, writing address 0x03dfa64c

Registers:
EAX=0x03de1430, EBX=0x03de1430, ECX=0x03d4fd30, EDX=0x0449f548
ESP=0x0449f52c, EBP=0x0449f5b0, ESI=0x33b8dff0, EDI=0x03d4fc00
EIP=0x6cee2108, EFLAGS=0x00010206

Top of Stack: (sp=0x0449f52c)
0x0449f52c:   6ceeb330 03de1430 0449f548 0449f570
0x0449f53c:   01aa3207 44480000 01aa3207 6cf21160
0x0449f54c:   03d4fd30 0449f5d4 6cf211a8 03d4fd30
0x0449f55c:   0449f5d4 239ba220 239ba188 33b8dff0
0x0449f56c:   01aaa9dd 03d4fd30 0449f5d4 03de1430
0x0449f57c:   00000000 3c8318b1 00000008 00000003
0x0449f58c:   33a17180 0449f590 00000000 0449f5d4
0x0449f59c:   33b99570 00000000 33b8dff0 00000000 

Instructions: (pc=0x6cee2108)
0x6cee20e8:   b5 90 8d b6 00 00 00 00 8b 54 24 08 8b 44 24 04
0x6cee20f8:   89 90 44 92 01 00 c3 90 8b 54 24 08 8b 44 24 04
0x6cee2108:   89 90 1c 92 01 00 c3 90 8b 54 24 08 8b 44 24 04
0x6cee2118:   89 90 20 92 01 00 c3 90 8b 54 24 08 8b 44 24 04 


Register to memory mapping:

EAX=0x03de1430 is an unknown value
EBX=0x03de1430 is an unknown value
ECX=0x03d4fd30 is an unknown value
EDX=0x0449f548 is pointing into the stack for thread: 0x03d4fc00
ESP=0x0449f52c is pointing into the stack for thread: 0x03d4fc00
EBP=0x0449f5b0 is pointing into the stack for thread: 0x03d4fc00
ESI=0x33b8dff0 is an oop
{method} 
 - klass: {other class}
EDI=0x03d4fc00 is a thread


Stack: [0x04450000,0x044a0000],  sp=0x0449f52c,  free space=317k
Native frames: (J=compiled Java code, j=interpreted, Vv=VM code, C=native code)
C  [gdx.dll+0x22108]
j  com.badlogic.gdx.physics.box2d.World.step(FII)V+8
j  com.me.mygdxgame.game.WorldController.update(F)V+70
j  com.me.mygdxgame.screens.GameScreen.render(F)V+12
j  com.badlogic.gdx.Game.render()V+19
j  com.badlogic.gdx.backends.lwjgl.LwjglApplication.mainLoop()V+642
j  com.badlogic.gdx.backends.lwjgl.LwjglApplication$1.run()V+27
v  ~StubRoutines::call_stub
V  [jvm.dll+0x13f35a]
V  [jvm.dll+0x202c6e]
V  [jvm.dll+0x13f525]
V  [jvm.dll+0x13f587]
V  [jvm.dll+0xeb81f]
V  [jvm.dll+0x16059c]
V  [jvm.dll+0x160fd7]
V  [jvm.dll+0x1a4b79]
C  [msvcr100.dll+0x5c556]
C  [msvcr100.dll+0x5c600]
C  [kernel32.dll+0x4ed5c]
C  [ntdll.dll+0x637eb]
C  [ntdll.dll+0x637be]

Java frames: (J=compiled Java code, j=interpreted, Vv=VM code)
j  com.badlogic.gdx.physics.box2d.World.jniStep(JFII)V+0
j  com.badlogic.gdx.physics.box2d.World.step(FII)V+8
j  com.me.mygdxgame.game.WorldController.update(F)V+70
j  com.me.mygdxgame.screens.GameScreen.render(F)V+12
j  com.badlogic.gdx.Game.render()V+19
j  com.badlogic.gdx.backends.lwjgl.LwjglApplication.mainLoop()V+642
j  com.badlogic.gdx.backends.lwjgl.LwjglApplication$1.run()V+27
v  ~StubRoutines::call_stub

---------------  P R O C E S S  ---------------

Java Threads: ( => current thread )
  0x077ca800 JavaThread "LWJGL Timer" daemon [_thread_blocked, id=7592, stack(0x07da0000,0x07df0000)]
  0x03dad000 JavaThread "AsynchExecutor-Thread" daemon [_thread_blocked, id=8716, stack(0x07d20000,0x07d70000)]
  0x0080d000 JavaThread "DestroyJavaVM" [_thread_blocked, id=8464, stack(0x001d0000,0x00220000)]
=>0x03d4fc00 JavaThread "LWJGL Application" [_thread_in_native, id=8056, stack(0x04450000,0x044a0000)]
  0x03c33c00 JavaThread "Java2D Disposer" daemon [_thread_blocked, id=3716, stack(0x00c50000,0x00ca0000)]
  0x008c6c00 JavaThread "Service Thread" daemon [_thread_blocked, id=8584, stack(0x03ac0000,0x03b10000)]
  0x008c1c00 JavaThread "C1 CompilerThread0" daemon [_thread_blocked, id=9912, stack(0x00b60000,0x00bb0000)]
  0x008c0800 JavaThread "Attach Listener" daemon [_thread_blocked, id=7848, stack(0x00cf0000,0x00d40000)]
  0x008bd800 JavaThread "Signal Dispatcher" daemon [_thread_blocked, id=9064, stack(0x00d40000,0x00d90000)]
  0x00853800 JavaThread "Finalizer" daemon [_thread_blocked, id=1756, stack(0x00a80000,0x00ad0000)]
  0x0084e800 JavaThread "Reference Handler" daemon [_thread_blocked, id=5972, stack(0x00bd0000,0x00c20000)]

Other Threads:
  0x0084cc00 VMThread [stack: 0x00af0000,0x00b40000] [id=1768]
  0x008d8c00 WatcherThread [stack: 0x03b60000,0x03bb0000] [id=8008]

VM state:not at safepoint (normal execution)

VM Mutex/Monitor currently owned by a thread: None

Heap
 def new generation   total 16128K, used 6364K [0x237a0000, 0x24910000, 0x28cf0000)
  eden space 14400K,  32% used [0x237a0000, 0x23c271f8, 0x245b0000)
  from space 1728K, 100% used [0x245b0000, 0x24760000, 0x24760000)
  to   space 1728K,   0% used [0x24760000, 0x24760000, 0x24910000)
 tenured generation   total 35580K, used 26669K [0x28cf0000, 0x2afaf000, 0x337a0000)
   the space 35580K,  74% used [0x28cf0000, 0x2a6fb5c0, 0x2a6fb600, 0x2afaf000)
 compacting perm gen  total 12288K, used 4195K [0x337a0000, 0x343a0000, 0x377a0000)
   the space 12288K,  34% used [0x337a0000, 0x33bb8c28, 0x33bb8e00, 0x343a0000)
    ro space 10240K,  41% used [0x377a0000, 0x37bd2050, 0x37bd2200, 0x381a0000)
    rw space 12288K,  52% used [0x381a0000, 0x387e6800, 0x387e6800, 0x38da0000)

Card table byte_map: [0x00630000,0x006e0000] byte_map_base: 0x00514300

Polling page: 0x00100000

Code Cache  [0x01aa0000, 0x01c58000, 0x03aa0000)
 total_blobs=901 nmethods=604 adapters=234 free_code_cache=31039Kb largest_free_block=31784128

Compilation events (10 events):
Event: 13.552 Thread 0x008c1c00  601             java.lang.String::substring (56 bytes)
Event: 13.553 Thread 0x008c1c00 nmethod 601 0x01c4f508 code [0x01c4f630, 0x01c4f854]
Event: 13.708 Thread 0x008c1c00  602             java.lang.String::trim (77 bytes)
Event: 13.709 Thread 0x008c1c00 nmethod 602 0x01c4f9c8 code [0x01c4fad0, 0x01c4fc0c]
Event: 13.709 Thread 0x008c1c00  603             java.io.BufferedReader::readLine (6 bytes)
Event: 13.709 Thread 0x008c1c00 nmethod 603 0x01c4fd08 code [0x01c4fe00, 0x01c4fe9c]
Event: 13.718 Thread 0x008c1c00  604             java.io.Win32FileSystem::isLetter (30 bytes)
Event: 13.718 Thread 0x008c1c00 nmethod 604 0x01c4ff08 code [0x01c50000, 0x01c500d0]
Event: 13.720 Thread 0x008c1c00  605             java.util.StringTokenizer::hasMoreTokens (29 bytes)
Event: 13.720 Thread 0x008c1c00 nmethod 605 0x01c50108 code [0x01c50200, 0x01c502bc]

GC Heap History (10 events):
Event: 1.766 GC heap before
{Heap before GC invocations=24 (full 2):
 def new generation   total 9920K, used 7953K [0x237a0000, 0x24260000, 0x28cf0000)
  eden space 8832K,  81% used [0x237a0000, 0x23eb06c8, 0x24040000)
  from space 1088K,  66% used [0x24040000, 0x240f3f58, 0x24150000)
  to   space 1088K,   0% used [0x24150000, 0x24150000, 0x24260000)
 tenured generation   total 21900K, used 10626K [0x28cf0000, 0x2a253000, 0x337a0000)
   the space 21900K,  48% used [0x28cf0000, 0x29750960, 0x29750a00, 0x2a253000)
 compacting perm gen  total 12288K, used 843K [0x337a0000, 0x343a0000, 0x377a0000)
   the space 12288K,   6% used [0x337a0000, 0x33872cf8, 0x33872e00, 0x343a0000)
    ro space 10240K,  41% used [0x377a0000, 0x37bd2050, 0x37bd2200, 0x381a0000)
    rw space 12288K,  52% used [0x381a0000, 0x387e6800, 0x387e6800, 0x38da0000)
Event: 1.766 GC heap after
Heap after GC invocations=25 (full 2):
 def new generation   total 9920K, used 1K [0x237a0000, 0x24260000, 0x28cf0000)
  eden space 8832K,   0% used [0x237a0000, 0x237a0000, 0x24040000)
  from space 1088K,   0% used [0x24150000, 0x241504a8, 0x24260000)
  to   space 1088K,   0% used [0x24040000, 0x24040000, 0x24150000)
 tenured generation   total 21900K, used 10634K [0x28cf0000, 0x2a253000, 0x337a0000)
   the space 21900K,  48% used [0x28cf0000, 0x29752900, 0x29752a00, 0x2a253000)
 compacting perm gen  total 12288K, used 843K [0x337a0000, 0x343a0000, 0x377a0000)
   the space 12288K,   6% used [0x337a0000, 0x33872cf8, 0x33872e00, 0x343a0000)
    ro space 10240K,  41% used [0x377a0000, 0x37bd2050, 0x37bd2200, 0x381a0000)
    rw space 12288K,  52% used [0x381a0000, 0x387e6800, 0x387e6800, 0x38da0000)
}
Event: 1.827 GC heap before
{Heap before GC invocations=25 (full 2):
 def new generation   total 9920K, used 8335K [0x237a0000, 0x24260000, 0x28cf0000)
  eden space 8832K,  94% used [0x237a0000, 0x23fc3b50, 0x24040000)
  from space 1088K,   0% used [0x24150000, 0x241504a8, 0x24260000)
  to   space 1088K,   0% used [0x24040000, 0x24040000, 0x24150000)
 tenured generation   total 21900K, used 10634K [0x28cf0000, 0x2a253000, 0x337a0000)
   the space 21900K,  48% used [0x28cf0000, 0x29752900, 0x29752a00, 0x2a253000)
 compacting perm gen  total 12288K, used 843K [0x337a0000, 0x343a0000, 0x377a0000)
   the space 12288K,   6% used [0x337a0000, 0x33872cf8, 0x33872e00, 0x343a0000)
    ro space 10240K,  41% used [0x377a0000, 0x37bd2050, 0x37bd2200, 0x381a0000)
    rw space 12288K,  52% used [0x381a0000, 0x387e6800, 0x387e6800, 0x38da0000)
Event: 1.831 GC heap after
Heap after GC invocations=26 (full 2):
 def new generation   total 9920K, used 0K [0x237a0000, 0x24260000, 0x28cf0000)
  eden space 8832K,   0% used [0x237a0000, 0x237a0000, 0x24040000)
  from space 1088K,   0% used [0x24040000, 0x240401d0, 0x24150000)
  to   space 1088K,   0% used [0x24150000, 0x24150000, 0x24260000)
 tenured generation   total 21900K, used 18826K [0x28cf0000, 0x2a253000, 0x337a0000)
   the space 21900K,  85% used [0x28cf0000, 0x29f52920, 0x29f52a00, 0x2a253000)
 compacting perm gen  total 12288K, used 843K [0x337a0000, 0x343a0000, 0x377a0000)
   the space 12288K,   6% used [0x337a0000, 0x33872cf8, 0x33872e00, 0x343a0000)
    ro space 10240K,  41% used [0x377a0000, 0x37bd2050, 0x37bd2200, 0x381a0000)
    rw space 12288K,  52% used [0x381a0000, 0x387e6800, 0x387e6800, 0x38da0000)
}
Event: 1.832 GC heap before
{Heap before GC invocations=26 (full 2):
 def new generation   total 9920K, used 8286K [0x237a0000, 0x24260000, 0x28cf0000)
  eden space 8832K,  93% used [0x237a0000, 0x23fb77a0, 0x24040000)
  from space 1088K,   0% used [0x24040000, 0x240401d0, 0x24150000)
  to   space 1088K,   0% used [0x24150000, 0x24150000, 0x24260000)
 tenured generation   total 21900K, used 18826K [0x28cf0000, 0x2a253000, 0x337a0000)
   the space 21900K,  85% used [0x28cf0000, 0x29f52920, 0x29f52a00, 0x2a253000)
 compacting perm gen  total 12288K, used 843K [0x337a0000, 0x343a0000, 0x377a0000)
   the space 12288K,   6% used [0x337a0000, 0x33872cf8, 0x33872e00, 0x343a0000)
    ro space 10240K,  41% used [0x377a0000, 0x37bd2050, 0x37bd2200, 0x381a0000)
    rw space 12288K,  52% used [0x381a0000, 0x387e6800, 0x387e6800, 0x38da0000)
Event: 1.856 GC heap after
Heap after GC invocations=27 (full 3):
 def new generation   total 16128K, used 0K [0x237a0000, 0x24910000, 0x28cf0000)
  eden space 14400K,   0% used [0x237a0000, 0x237a0000, 0x245b0000)
  from space 1728K,   0% used [0x245b0000, 0x245b0000, 0x24760000)
  to   space 1728K,   0% used [0x24760000, 0x24760000, 0x24910000)
 tenured generation   total 35580K, used 21346K [0x28cf0000, 0x2afaf000, 0x337a0000)
   the space 35580K,  59% used [0x28cf0000, 0x2a1c8a08, 0x2a1c8c00, 0x2afaf000)
 compacting perm gen  total 12288K, used 843K [0x337a0000, 0x343a0000, 0x377a0000)
   the space 12288K,   6% used [0x337a0000, 0x33872cf8, 0x33872e00, 0x343a0000)
    ro space 10240K,  41% used [0x377a0000, 0x37bd2050, 0x37bd2200, 0x381a0000)
    rw space 12288K,  52% used [0x381a0000, 0x387e6800, 0x387e6800, 0x38da0000)
}
Event: 2.479 GC heap before
{Heap before GC invocations=27 (full 3):
 def new generation   total 16128K, used 14400K [0x237a0000, 0x24910000, 0x28cf0000)
  eden space 14400K, 100% used [0x237a0000, 0x245b0000, 0x245b0000)
  from space 1728K,   0% used [0x245b0000, 0x245b0000, 0x24760000)
  to   space 1728K,   0% used [0x24760000, 0x24760000, 0x24910000)
 tenured generation   total 35580K, used 21346K [0x28cf0000, 0x2afaf000, 0x337a0000)
   the space 35580K,  59% used [0x28cf0000, 0x2a1c8a08, 0x2a1c8c00, 0x2afaf000)
 compacting perm gen  total 12288K, used 1036K [0x337a0000, 0x343a0000, 0x377a0000)
   the space 12288K,   8% used [0x337a0000, 0x338a32c0, 0x338a3400, 0x343a0000)
    ro space 10240K,  41% used [0x377a0000, 0x37bd2050, 0x37bd2200, 0x381a0000)
    rw space 12288K,  52% used [0x381a0000, 0x387e6800, 0x387e6800, 0x38da0000)
Event: 2.481 GC heap after
Heap after GC invocations=28 (full 3):
 def new generation   total 16128K, used 269K [0x237a0000, 0x24910000, 0x28cf0000)
  eden space 14400K,   0% used [0x237a0000, 0x237a0000, 0x245b0000)
  from space 1728K,  15% used [0x24760000, 0x247a35e8, 0x24910000)
  to   space 1728K,   0% used [0x245b0000, 0x245b0000, 0x24760000)
 tenured generation   total 35580K, used 25442K [0x28cf0000, 0x2afaf000, 0x337a0000)
   the space 35580K,  71% used [0x28cf0000, 0x2a5c8a18, 0x2a5c8c00, 0x2afaf000)
 compacting perm gen  total 12288K, used 1036K [0x337a0000, 0x343a0000, 0x377a0000)
   the space 12288K,   8% used [0x337a0000, 0x338a32c0, 0x338a3400, 0x343a0000)
    ro space 10240K,  41% used [0x377a0000, 0x37bd2050, 0x37bd2200, 0x381a0000)
    rw space 12288K,  52% used [0x381a0000, 0x387e6800, 0x387e6800, 0x38da0000)
}
Event: 4.147 GC heap before
{Heap before GC invocations=28 (full 3):
 def new generation   total 16128K, used 14669K [0x237a0000, 0x24910000, 0x28cf0000)
  eden space 14400K, 100% used [0x237a0000, 0x245b0000, 0x245b0000)
  from space 1728K,  15% used [0x24760000, 0x247a35e8, 0x24910000)
  to   space 1728K,   0% used [0x245b0000, 0x245b0000, 0x24760000)
 tenured generation   total 35580K, used 25442K [0x28cf0000, 0x2afaf000, 0x337a0000)
   the space 35580K,  71% used [0x28cf0000, 0x2a5c8a18, 0x2a5c8c00, 0x2afaf000)
 compacting perm gen  total 12288K, used 4181K [0x337a0000, 0x343a0000, 0x377a0000)
   the space 12288K,  34% used [0x337a0000, 0x33bb57a8, 0x33bb5800, 0x343a0000)
    ro space 10240K,  41% used [0x377a0000, 0x37bd2050, 0x37bd2200, 0x381a0000)
    rw space 12288K,  52% used [0x381a0000, 0x387e6800, 0x387e6800, 0x38da0000)
Event: 4.159 GC heap after
Heap after GC invocations=29 (full 3):
 def new generation   total 16128K, used 1728K [0x237a0000, 0x24910000, 0x28cf0000)
  eden space 14400K,   0% used [0x237a0000, 0x237a0000, 0x245b0000)
  from space 1728K, 100% used [0x245b0000, 0x24760000, 0x24760000)
  to   space 1728K,   0% used [0x24760000, 0x24760000, 0x24910000)
 tenured generation   total 35580K, used 26669K [0x28cf0000, 0x2afaf000, 0x337a0000)
   the space 35580K,  74% used [0x28cf0000, 0x2a6fb5c0, 0x2a6fb600, 0x2afaf000)
 compacting perm gen  total 12288K, used 4181K [0x337a0000, 0x343a0000, 0x377a0000)
   the space 12288K,  34% used [0x337a0000, 0x33bb57a8, 0x33bb5800, 0x343a0000)
    ro space 10240K,  41% used [0x377a0000, 0x37bd2050, 0x37bd2200, 0x381a0000)
    rw space 12288K,  52% used [0x381a0000, 0x387e6800, 0x387e6800, 0x38da0000)
}

Deoptimization events (0 events):
No events

Internal exceptions (10 events):
Event: 4.133 Thread 0x03d4fc00 Threw 0x24550a90 at C:\re\jdk7u51\527\hotspot\src\share\vm\prims\jvm.cpp:1244
Event: 4.133 Thread 0x03d4fc00 Threw 0x24557568 at C:\re\jdk7u51\527\hotspot\src\share\vm\prims\jvm.cpp:1244
Event: 4.134 Thread 0x03d4fc00 Threw 0x2455bc08 at C:\re\jdk7u51\527\hotspot\src\share\vm\prims\jvm.cpp:1244
Event: 4.135 Thread 0x03d4fc00 Threw 0x245604a8 at C:\re\jdk7u51\527\hotspot\src\share\vm\prims\jvm.cpp:1244
Event: 4.136 Thread 0x03d4fc00 Threw 0x2456c800 at C:\re\jdk7u51\527\hotspot\src\share\vm\prims\jvm.cpp:1244
Event: 4.142 Thread 0x03d4fc00 Threw 0x2458c0c8 at C:\re\jdk7u51\527\hotspot\src\share\vm\prims\jvm.cpp:1244
Event: 4.143 Thread 0x03d4fc00 Threw 0x2459a420 at C:\re\jdk7u51\527\hotspot\src\share\vm\prims\jvm.cpp:1244
Event: 4.146 Thread 0x03d4fc00 Threw 0x245af990 at C:\re\jdk7u51\527\hotspot\src\share\vm\prims\jvm.cpp:1244
Event: 5.667 Thread 0x03d4fc00 Threw 0x23889058 at C:\re\jdk7u51\527\hotspot\src\share\vm\prims\jvm.cpp:1244
Event: 5.669 Thread 0x03d4fc00 Threw 0x23893aa8 at C:\re\jdk7u51\527\hotspot\src\share\vm\prims\jvm.cpp:1244

Events (10 events):
Event: 4.143 loading class 0x078104c0 done
Event: 4.146 loading class 0x077fb008
Event: 4.146 loading class 0x077fb008 done
Event: 4.147 Executing VM operation: GenCollectForAllocation
Event: 4.159 Executing VM operation: GenCollectForAllocation done
Event: 5.667 loading class 0x03d47a70
Event: 5.667 loading class 0x03d47a70 done
Event: 5.669 loading class 0x03cfb2a8
Event: 5.669 loading class 0x03cfb2a8 done
Event: 7.193 Thread 0x008c1c00 flushing nmethod 0x01b37648


Dynamic libraries:
0x00e70000 - 0x00e9f000 	C:\Program Files\Java\jre7\bin\javaw.exe
0x77bf0000 - 0x77d2c000 	C:\windows\SYSTEM32\ntdll.dll
0x77a40000 - 0x77b14000 	C:\windows\system32\kernel32.dll
0x75de0000 - 0x75e2b000 	C:\windows\system32\KERNELBASE.dll
0x77b50000 - 0x77bf0000 	C:\windows\system32\ADVAPI32.dll
0x761b0000 - 0x7625c000 	C:\windows\system32\msvcrt.dll
0x77d70000 - 0x77d89000 	C:\windows\SYSTEM32\sechost.dll
0x77290000 - 0x77332000 	C:\windows\system32\RPCRT4.dll
0x77970000 - 0x77a39000 	C:\windows\system32\USER32.dll
0x77920000 - 0x7796e000 	C:\windows\system32\GDI32.dll
0x77470000 - 0x7747a000 	C:\windows\system32\LPK.dll
0x77480000 - 0x7751d000 	C:\windows\system32\USP10.dll
0x74d60000 - 0x74efe000 	C:\windows\WinSxS\x86_microsoft.windows.common-controls_6595b64144ccf1df_6.0.7601.17514_none_41e6975e2bd6f2b2\COMCTL32.dll
0x77780000 - 0x777d7000 	C:\windows\system32\SHLWAPI.dll
0x77870000 - 0x7788f000 	C:\windows\system32\IMM32.DLL
0x76570000 - 0x7663c000 	C:\windows\system32\MSCTF.dll
0x5cf00000 - 0x5cfbf000 	C:\Program Files\Java\jre7\bin\msvcr100.dll
0x59f40000 - 0x5a2c0000 	C:\Program Files\Java\jre7\bin\client\jvm.dll
0x751a0000 - 0x751a7000 	C:\windows\system32\WSOCK32.dll
0x77d30000 - 0x77d65000 	C:\windows\system32\WS2_32.dll
0x77910000 - 0x77916000 	C:\windows\system32\NSI.dll
0x74fd0000 - 0x75002000 	C:\windows\system32\WINMM.dll
0x75f90000 - 0x75f95000 	C:\windows\system32\PSAPI.DLL
0x59f30000 - 0x59f3c000 	C:\Program Files\Java\jre7\bin\verify.dll
0x59d30000 - 0x59d50000 	C:\Program Files\Java\jre7\bin\java.dll
0x59d00000 - 0x59d13000 	C:\Program Files\Java\jre7\bin\zip.dll
0x53ca0000 - 0x53de3000 	C:\Program Files\Java\jre7\bin\awt.dll
0x777e0000 - 0x7786f000 	C:\windows\system32\OLEAUT32.dll
0x76260000 - 0x763bc000 	C:\windows\system32\ole32.dll
0x74320000 - 0x74333000 	C:\windows\system32\DWMAPI.DLL
0x6cec0000 - 0x6cf42000 	C:\Users\usuario\AppData\Local\Temp\libgdxusuario\6df0928e\gdx.dll
0x10000000 - 0x1004c000 	C:\Users\usuario\AppData\Local\Temp\libgdxusuario\52d76f2b\lwjgl.dll
0x5d030000 - 0x5d0f8000 	C:\windows\system32\OPENGL32.dll
0x73a20000 - 0x73a42000 	C:\windows\system32\GLU32.dll
0x57fe0000 - 0x580c7000 	C:\windows\system32\DDRAW.dll
0x74920000 - 0x74926000 	C:\windows\system32\DCIMAN32.dll
0x763d0000 - 0x7656d000 	C:\windows\system32\SETUPAPI.dll
0x75d80000 - 0x75da7000 	C:\windows\system32\CFGMGR32.dll
0x75cd0000 - 0x75ce2000 	C:\windows\system32\DEVOBJ.dll
0x751d0000 - 0x751d9000 	C:\windows\system32\VERSION.dll
0x00a10000 - 0x00a75000 	C:\Users\usuario\AppData\Local\Temp\libgdxusuario\52d76f2b\OpenAL32.dll
0x76640000 - 0x7728a000 	C:\windows\system32\SHELL32.dll
0x75b30000 - 0x75b3c000 	C:\windows\system32\CRYPTBASE.dll
0x74710000 - 0x74750000 	C:\windows\system32\uxtheme.dll
0x71640000 - 0x71660000 	C:\Program Files\Common Files\Spigot\Search Settings\wth166.dll
0x03f20000 - 0x03f9d000 	c:\Program Files\Hewlett-Packard\HP ProtectTools Security Manager\Bin\DpoFeedb.dll
0x75310000 - 0x75327000 	C:\windows\system32\USERENV.dll
0x75c30000 - 0x75c3b000 	C:\windows\system32\profapi.dll
0x77d90000 - 0x77e13000 	C:\windows\system32\CLBCatQ.DLL
0x74c60000 - 0x74d55000 	C:\windows\System32\PROPSYS.dll
0x75e30000 - 0x75e5e000 	C:\windows\system32\WINTRUST.dll
0x75e60000 - 0x75f80000 	C:\windows\system32\CRYPT32.dll
0x75ca0000 - 0x75cac000 	C:\windows\system32\MSASN1.dll
0x74190000 - 0x74202000 	C:\windows\system32\dsound.dll
0x743a0000 - 0x743c5000 	C:\windows\system32\POWRPROF.dll
0x74350000 - 0x74389000 	C:\windows\System32\MMDevApi.dll
0x74090000 - 0x740c6000 	C:\windows\system32\AUDIOSES.DLL
0x04e90000 - 0x05933000 	C:\windows\system32\ig4icd32.dll
0x007c0000 - 0x007f8000 	C:\Program Files\WIDCOMM\Bluetooth Software\btmmhook.dll
0x68050000 - 0x6806f000 	c:\Program Files\Hewlett-Packard\HP ProtectTools Security Manager\Bin\DpoSet.dll
0x68130000 - 0x681be000 	C:\windows\WinSxS\x86_microsoft.vc90.crt_1fc8b3b9a1e18e3b_9.0.30729.4974_none_50940634bcb759cb\MSVCP90.dll
0x71040000 - 0x710e3000 	C:\windows\WinSxS\x86_microsoft.vc90.crt_1fc8b3b9a1e18e3b_9.0.30729.4974_none_50940634bcb759cb\MSVCR90.dll
0x680b0000 - 0x68129000 	C:\windows\system32\mscms.dll
0x68070000 - 0x680a8000 	C:\windows\system32\icm32.dll
0x00c20000 - 0x00c41000 	C:\Program Files\WIDCOMM\Bluetooth Software\btkeyind.dll
0x681c0000 - 0x682ab000 	C:\windows\system32\dbghelp.dll

VM Arguments:
jvm_args: -Dfile.encoding=Cp1252 
java_command: com.me.mygdxgame.Main
Launcher Type: SUN_STANDARD

Environment Variables:
JAVA_HOME=C:\Program Files\Java\jdk1.7.0
CLASSPATH=.;C:\Program Files\Java\jre7\lib\ext\QTJava.zip
PATH=C:/Program Files/Java/jre7/bin/client;C:/Program Files/Java/jre7/bin;C:/Program Files/Java/jre7/lib/i386;C:\Software\Oracle\oraclexe\app\oracle\product\11.2.0\server\bin;;C:\Software\Oracle\ODAC;C:\Software\Oracle\ODAC\bin;C:\windows\system32;C:\windows;C:\windows\System32\Wbem;C:\windows\System32\WindowsPowerShell\v1.0\;c:\Program Files\Common Files\Roxio Shared\DLLShared\;c:\Program Files\Common Files\Roxio Shared\10.0\DLLShared\;C:\Program Files\ActivIdentity\ActivClient\;c:\Program Files\Hewlett-Packard\Drive Encryption\;C:\Program Files\WIDCOMM\Bluetooth Software\;C:\Program Files\Common Files\Acronis\SnapAPI\;c:\Program Files\Microsoft SQL Server\90\Tools\binn\;C:\Program Files\MATLAB\R2008a\bin;C:\Program Files\MATLAB\R2008a\bin\win32;JAVA_HOME\bin;C:\Program Files\QuickTime\QTSystem\;C:\Software\Doxygen\doxygen\bin;C:\Program Files\AMD\CodeAnalyst\bin;C:\Program Files\Microsoft\Web Platform Installer\;C:\Program Files\Microsoft ASP.NET\ASP.NET Web Pages\v1.0\;C:\Program Files\Windows Kits\8.0\Windows Performance Toolkit\;C:\Program Files\Microsoft SQL Server\110\Tools\Binn\;c:\Program Files\Microsoft SQL Server\110\Tools\Binn\ManagementStudio\;c:\Program Files\Microsoft SQL Server\110\DTS\Binn\;C:\Program Files\Eclipse Android\adt-bundle-windows-x86-20131030\eclipse;
USERNAME=usuario
OS=Windows_NT
PROCESSOR_IDENTIFIER=x86 Family 6 Model 37 Stepping 2, GenuineIntel



---------------  S Y S T E M  ---------------

OS: Windows 7 Build 7601 Service Pack 1

CPU:total 4 (2 cores per cpu, 2 threads per core) family 6 model 37 stepping 2, cmov, cx8, fxsr, mmx, sse, sse2, sse3, ssse3, sse4.1, sse4.2, popcnt, aes, ht, tsc, tscinvbit

Memory: 4k page, physical 3063224k(658376k free), swap 6124696k(2747012k free)

vm_info: Java HotSpot(TM) Client VM (24.51-b03) for windows-x86 JRE (1.7.0_51-b13), built on Dec 18 2013 19:09:58 by "java_re" with unknown MS VC++:1600

time: Tue Apr 01 16:48:03 2014
elapsed time: 13 seconds

