#
# A fatal error has been detected by the Java Runtime Environment:
#
#  EXCEPTION_ACCESS_VIOLATION (0xc0000005) at pc=0x761b9b60, pid=8060, tid=8724
#
# JRE version: Java(TM) SE Runtime Environment (7.0_51-b13) (build 1.7.0_51-b13)
# Java VM: Java HotSpot(TM) Client VM (24.51-b03 mixed mode, sharing windows-x86 )
# Problematic frame:
# C  [msvcrt.dll+0x9b60]
#
# Failed to write core dump. Minidumps are not enabled by default on client versions of Windows
#
# If you would like to submit a bug report, please visit:
#   http://bugreport.sun.com/bugreport/crash.jsp
# The crash happened outside the Java Virtual Machine in native code.
# See problematic frame for where to report the bug.
#

---------------  T H R E A D  ---------------

Current thread (0x03c71400):  JavaThread "LWJGL Application" [_thread_in_native, id=8724, stack(0x04c20000,0x04c70000)]

siginfo: ExceptionCode=0xc0000005, writing address 0x03dcaab8

Registers:
EAX=0x2461ea44, EBX=0x03c71530, ECX=0x0000044c, EDX=0x00000000
ESP=0x04c6f0b0, EBP=0x04c6f0b8, ESI=0x2461d914, EDI=0x03dcaab8
EIP=0x761b9b60, EFLAGS=0x00010206

Top of Stack: (sp=0x04c6f0b0)
0x04c6f0b0:   04c6f108 2461d914 03dcaab8 6ceec2b3
0x04c6f0c0:   03dcaab8 2461d914 00001130 0002000e
0x04c6f0d0:   00000292 06f73400 05e10068 24668b28
0x04c6f0e0:   04c6f110 03c71400 04c6f128 01c1d5d9
0x04c6f0f0:   03c71530 04c6f110 04c6f108 04c6f10c
0x04c6f100:   0000044c 00000000 2461d908 24668b28
0x04c6f110:   245cfb78 05e7e630 00000002 01c1d073
0x04c6f120:   03c71530 04c6f140 04c6f4f4 01c1d9d8 

Instructions: (pc=0x761b9b60)
0x761b9b40:   8b 45 08 5e 5f c9 c3 8a 46 03 88 47 03 8a 46 02
0x761b9b50:   88 47 02 8a 46 01 88 47 01 8b 45 08 5e 5f c9 c3
0x761b9b60:   f3 a5 ff 24 95 b8 99 1b 76 8a 06 88 07 8a 46 01
0x761b9b70:   88 47 01 8b 45 08 5e 5f c9 c3 83 3d 44 00 25 76 


Register to memory mapping:

EAX=0x2461ea44 is pointing into object: 0x2461d908
[F 
 - klass: {type array float}
 - length: 20000
EBX=0x03c71530 is an unknown value
ECX=0x0000044c is an unknown value
EDX=0x00000000 is an unknown value
ESP=0x04c6f0b0 is pointing into the stack for thread: 0x03c71400
EBP=0x04c6f0b8 is pointing into the stack for thread: 0x03c71400
ESI=0x2461d914 is pointing into object: 0x2461d908
[F 
 - klass: {type array float}
 - length: 20000
EDI=0x03dcaab8 is an unknown value


Stack: [0x04c20000,0x04c70000],  sp=0x04c6f0b0,  free space=316k
Native frames: (J=compiled Java code, j=interpreted, Vv=VM code, C=native code)
C  [msvcrt.dll+0x9b60]

Java frames: (J=compiled Java code, j=interpreted, Vv=VM code)
J  com.badlogic.gdx.utils.BufferUtils.copyJni([FLjava/nio/Buffer;II)V
J  com.badlogic.gdx.utils.BufferUtils.copy([FLjava/nio/Buffer;II)V
J  com.badlogic.gdx.graphics.g2d.SpriteBatch.flush()V
J  com.badlogic.gdx.graphics.g2d.SpriteBatch.draw(Lcom/badlogic/gdx/graphics/Texture;FFFFFFFFFIIIIZZ)V
J  com.me.mygdxgame.objects.Rock.render(Lcom/badlogic/gdx/graphics/g2d/SpriteBatch;)V
J  com.me.mygdxgame.game.Level.render(Lcom/badlogic/gdx/graphics/g2d/SpriteBatch;)V
j  com.me.mygdxgame.game.WorldRenderer.renderWorld(Lcom/badlogic/gdx/graphics/g2d/SpriteBatch;)V+37
j  com.me.mygdxgame.game.WorldRenderer.render()V+5
j  com.me.mygdxgame.screens.GameScreen.render(F)V+45
j  com.badlogic.gdx.Game.render()V+19
j  com.badlogic.gdx.backends.lwjgl.LwjglApplication.mainLoop()V+642
j  com.badlogic.gdx.backends.lwjgl.LwjglApplication$1.run()V+27
v  ~StubRoutines::call_stub

---------------  P R O C E S S  ---------------

Java Threads: ( => current thread )
  0x0764d400 JavaThread "LWJGL Timer" daemon [_thread_blocked, id=10048, stack(0x07c30000,0x07c80000)]
  0x07654400 JavaThread "AsynchExecutor-Thread" daemon [_thread_blocked, id=7220, stack(0x07cf0000,0x07d40000)]
  0x0057d000 JavaThread "DestroyJavaVM" [_thread_blocked, id=648, stack(0x00580000,0x005d0000)]
=>0x03c71400 JavaThread "LWJGL Application" [_thread_in_native, id=8724, stack(0x04c20000,0x04c70000)]
  0x03b2b000 JavaThread "Java2D Disposer" daemon [_thread_blocked, id=6272, stack(0x00d30000,0x00d80000)]
  0x0074a000 JavaThread "Service Thread" daemon [_thread_blocked, id=9820, stack(0x00b70000,0x00bc0000)]
  0x00745400 JavaThread "C1 CompilerThread0" daemon [_thread_blocked, id=9012, stack(0x00da0000,0x00df0000)]
  0x00744400 JavaThread "Attach Listener" daemon [_thread_blocked, id=2156, stack(0x00b20000,0x00b70000)]
  0x00741400 JavaThread "Signal Dispatcher" daemon [_thread_blocked, id=9616, stack(0x00ca0000,0x00cf0000)]
  0x006d0000 JavaThread "Finalizer" daemon [_thread_blocked, id=1812, stack(0x00c20000,0x00c70000)]
  0x006ce800 JavaThread "Reference Handler" daemon [_thread_blocked, id=8268, stack(0x00a00000,0x00a50000)]

Other Threads:
  0x006ccc00 VMThread [stack: 0x00970000,0x009c0000] [id=6128]
  0x0075c000 WatcherThread [stack: 0x00bc0000,0x00c10000] [id=5332]

VM state:not at safepoint (normal execution)

VM Mutex/Monitor currently owned by a thread: None

Heap
 def new generation   total 16128K, used 6172K [0x237a0000, 0x24910000, 0x28cf0000)
  eden space 14400K,  30% used [0x237a0000, 0x23bf7378, 0x245b0000)
  from space 1728K, 100% used [0x245b0000, 0x24760000, 0x24760000)
  to   space 1728K,   0% used [0x24760000, 0x24760000, 0x24910000)
 tenured generation   total 35580K, used 26675K [0x28cf0000, 0x2afaf000, 0x337a0000)
   the space 35580K,  74% used [0x28cf0000, 0x2a6fcfa8, 0x2a6fd000, 0x2afaf000)
 compacting perm gen  total 12288K, used 4195K [0x337a0000, 0x343a0000, 0x377a0000)
   the space 12288K,  34% used [0x337a0000, 0x33bb8c58, 0x33bb8e00, 0x343a0000)
    ro space 10240K,  41% used [0x377a0000, 0x37bd2050, 0x37bd2200, 0x381a0000)
    rw space 12288K,  52% used [0x381a0000, 0x387e6800, 0x387e6800, 0x38da0000)

Card table byte_map: [0x00890000,0x00940000] byte_map_base: 0x00774300

Polling page: 0x00320000

Code Cache  [0x01aa0000, 0x01c50000, 0x03aa0000)
 total_blobs=888 nmethods=591 adapters=234 free_code_cache=31067Kb largest_free_block=31812608

Compilation events (10 events):
Event: 14.163 Thread 0x00745400  588             java.io.BufferedReader::readLine (6 bytes)
Event: 14.164 Thread 0x00745400 nmethod 588 0x01c488c8 code [0x01c489c0, 0x01c48a5c]
Event: 14.164 Thread 0x00745400  589             java.lang.String::trim (77 bytes)
Event: 14.164 Thread 0x00745400 nmethod 589 0x01c48ac8 code [0x01c48bd0, 0x01c48d0c]
Event: 14.176 Thread 0x00745400  590             java.io.Win32FileSystem::isLetter (30 bytes)
Event: 14.176 Thread 0x00745400 nmethod 590 0x01c48e08 code [0x01c48f00, 0x01c48fd0]
Event: 14.178 Thread 0x00745400  591             java.util.StringTokenizer::hasMoreTokens (29 bytes)
Event: 14.178 Thread 0x00745400 nmethod 591 0x01c49008 code [0x01c49100, 0x01c491bc]
Event: 14.182 Thread 0x00745400  592             java.lang.Integer::intValue (5 bytes)
Event: 14.182 Thread 0x00745400 nmethod 592 0x01c49248 code [0x01c49340, 0x01c493c0]

GC Heap History (10 events):
Event: 1.780 GC heap before
{Heap before GC invocations=24 (full 2):
 def new generation   total 9920K, used 7856K [0x237a0000, 0x24260000, 0x28cf0000)
  eden space 8832K,  80% used [0x237a0000, 0x23e98110, 0x24040000)
  from space 1088K,  66% used [0x24040000, 0x240f3f58, 0x24150000)
  to   space 1088K,   0% used [0x24150000, 0x24150000, 0x24260000)
 tenured generation   total 21900K, used 10626K [0x28cf0000, 0x2a253000, 0x337a0000)
   the space 21900K,  48% used [0x28cf0000, 0x29750990, 0x29750a00, 0x2a253000)
 compacting perm gen  total 12288K, used 843K [0x337a0000, 0x343a0000, 0x377a0000)
   the space 12288K,   6% used [0x337a0000, 0x33872d18, 0x33872e00, 0x343a0000)
    ro space 10240K,  41% used [0x377a0000, 0x37bd2050, 0x37bd2200, 0x381a0000)
    rw space 12288K,  52% used [0x381a0000, 0x387e6800, 0x387e6800, 0x38da0000)
Event: 1.780 GC heap after
Heap after GC invocations=25 (full 2):
 def new generation   total 9920K, used 1K [0x237a0000, 0x24260000, 0x28cf0000)
  eden space 8832K,   0% used [0x237a0000, 0x237a0000, 0x24040000)
  from space 1088K,   0% used [0x24150000, 0x241504a8, 0x24260000)
  to   space 1088K,   0% used [0x24040000, 0x24040000, 0x24150000)
 tenured generation   total 21900K, used 10634K [0x28cf0000, 0x2a253000, 0x337a0000)
   the space 21900K,  48% used [0x28cf0000, 0x29752930, 0x29752a00, 0x2a253000)
 compacting perm gen  total 12288K, used 843K [0x337a0000, 0x343a0000, 0x377a0000)
   the space 12288K,   6% used [0x337a0000, 0x33872d18, 0x33872e00, 0x343a0000)
    ro space 10240K,  41% used [0x377a0000, 0x37bd2050, 0x37bd2200, 0x381a0000)
    rw space 12288K,  52% used [0x381a0000, 0x387e6800, 0x387e6800, 0x38da0000)
}
Event: 1.843 GC heap before
{Heap before GC invocations=25 (full 2):
 def new generation   total 9920K, used 8336K [0x237a0000, 0x24260000, 0x28cf0000)
  eden space 8832K,  94% used [0x237a0000, 0x23fc3e38, 0x24040000)
  from space 1088K,   0% used [0x24150000, 0x241504a8, 0x24260000)
  to   space 1088K,   0% used [0x24040000, 0x24040000, 0x24150000)
 tenured generation   total 21900K, used 10634K [0x28cf0000, 0x2a253000, 0x337a0000)
   the space 21900K,  48% used [0x28cf0000, 0x29752930, 0x29752a00, 0x2a253000)
 compacting perm gen  total 12288K, used 843K [0x337a0000, 0x343a0000, 0x377a0000)
   the space 12288K,   6% used [0x337a0000, 0x33872d18, 0x33872e00, 0x343a0000)
    ro space 10240K,  41% used [0x377a0000, 0x37bd2050, 0x37bd2200, 0x381a0000)
    rw space 12288K,  52% used [0x381a0000, 0x387e6800, 0x387e6800, 0x38da0000)
Event: 1.846 GC heap after
Heap after GC invocations=26 (full 2):
 def new generation   total 9920K, used 0K [0x237a0000, 0x24260000, 0x28cf0000)
  eden space 8832K,   0% used [0x237a0000, 0x237a0000, 0x24040000)
  from space 1088K,   0% used [0x24040000, 0x240401d0, 0x24150000)
  to   space 1088K,   0% used [0x24150000, 0x24150000, 0x24260000)
 tenured generation   total 21900K, used 18826K [0x28cf0000, 0x2a253000, 0x337a0000)
   the space 21900K,  85% used [0x28cf0000, 0x29f52950, 0x29f52a00, 0x2a253000)
 compacting perm gen  total 12288K, used 843K [0x337a0000, 0x343a0000, 0x377a0000)
   the space 12288K,   6% used [0x337a0000, 0x33872d18, 0x33872e00, 0x343a0000)
    ro space 10240K,  41% used [0x377a0000, 0x37bd2050, 0x37bd2200, 0x381a0000)
    rw space 12288K,  52% used [0x381a0000, 0x387e6800, 0x387e6800, 0x38da0000)
}
Event: 1.848 GC heap before
{Heap before GC invocations=26 (full 2):
 def new generation   total 9920K, used 8286K [0x237a0000, 0x24260000, 0x28cf0000)
  eden space 8832K,  93% used [0x237a0000, 0x23fb7988, 0x24040000)
  from space 1088K,   0% used [0x24040000, 0x240401d0, 0x24150000)
  to   space 1088K,   0% used [0x24150000, 0x24150000, 0x24260000)
 tenured generation   total 21900K, used 18826K [0x28cf0000, 0x2a253000, 0x337a0000)
   the space 21900K,  85% used [0x28cf0000, 0x29f52950, 0x29f52a00, 0x2a253000)
 compacting perm gen  total 12288K, used 843K [0x337a0000, 0x343a0000, 0x377a0000)
   the space 12288K,   6% used [0x337a0000, 0x33872d18, 0x33872e00, 0x343a0000)
    ro space 10240K,  41% used [0x377a0000, 0x37bd2050, 0x37bd2200, 0x381a0000)
    rw space 12288K,  52% used [0x381a0000, 0x387e6800, 0x387e6800, 0x38da0000)
Event: 1.870 GC heap after
Heap after GC invocations=27 (full 3):
 def new generation   total 16128K, used 0K [0x237a0000, 0x24910000, 0x28cf0000)
  eden space 14400K,   0% used [0x237a0000, 0x237a0000, 0x245b0000)
  from space 1728K,   0% used [0x245b0000, 0x245b0000, 0x24760000)
  to   space 1728K,   0% used [0x24760000, 0x24760000, 0x24910000)
 tenured generation   total 35580K, used 21346K [0x28cf0000, 0x2afaf000, 0x337a0000)
   the space 35580K,  59% used [0x28cf0000, 0x2a1c8a38, 0x2a1c8c00, 0x2afaf000)
 compacting perm gen  total 12288K, used 843K [0x337a0000, 0x343a0000, 0x377a0000)
   the space 12288K,   6% used [0x337a0000, 0x33872d18, 0x33872e00, 0x343a0000)
    ro space 10240K,  41% used [0x377a0000, 0x37bd2050, 0x37bd2200, 0x381a0000)
    rw space 12288K,  52% used [0x381a0000, 0x387e6800, 0x387e6800, 0x38da0000)
}
Event: 2.498 GC heap before
{Heap before GC invocations=27 (full 3):
 def new generation   total 16128K, used 14400K [0x237a0000, 0x24910000, 0x28cf0000)
  eden space 14400K, 100% used [0x237a0000, 0x245b0000, 0x245b0000)
  from space 1728K,   0% used [0x245b0000, 0x245b0000, 0x24760000)
  to   space 1728K,   0% used [0x24760000, 0x24760000, 0x24910000)
 tenured generation   total 35580K, used 21346K [0x28cf0000, 0x2afaf000, 0x337a0000)
   the space 35580K,  59% used [0x28cf0000, 0x2a1c8a38, 0x2a1c8c00, 0x2afaf000)
 compacting perm gen  total 12288K, used 1036K [0x337a0000, 0x343a0000, 0x377a0000)
   the space 12288K,   8% used [0x337a0000, 0x338a32e0, 0x338a3400, 0x343a0000)
    ro space 10240K,  41% used [0x377a0000, 0x37bd2050, 0x37bd2200, 0x381a0000)
    rw space 12288K,  52% used [0x381a0000, 0x387e6800, 0x387e6800, 0x38da0000)
Event: 2.500 GC heap after
Heap after GC invocations=28 (full 3):
 def new generation   total 16128K, used 243K [0x237a0000, 0x24910000, 0x28cf0000)
  eden space 14400K,   0% used [0x237a0000, 0x237a0000, 0x245b0000)
  from space 1728K,  14% used [0x24760000, 0x2479cc98, 0x24910000)
  to   space 1728K,   0% used [0x245b0000, 0x245b0000, 0x24760000)
 tenured generation   total 35580K, used 25442K [0x28cf0000, 0x2afaf000, 0x337a0000)
   the space 35580K,  71% used [0x28cf0000, 0x2a5c8a48, 0x2a5c8c00, 0x2afaf000)
 compacting perm gen  total 12288K, used 1036K [0x337a0000, 0x343a0000, 0x377a0000)
   the space 12288K,   8% used [0x337a0000, 0x338a32e0, 0x338a3400, 0x343a0000)
    ro space 10240K,  41% used [0x377a0000, 0x37bd2050, 0x37bd2200, 0x381a0000)
    rw space 12288K,  52% used [0x381a0000, 0x387e6800, 0x387e6800, 0x38da0000)
}
Event: 5.220 GC heap before
{Heap before GC invocations=28 (full 3):
 def new generation   total 16128K, used 14643K [0x237a0000, 0x24910000, 0x28cf0000)
  eden space 14400K, 100% used [0x237a0000, 0x245b0000, 0x245b0000)
  from space 1728K,  14% used [0x24760000, 0x2479cc98, 0x24910000)
  to   space 1728K,   0% used [0x245b0000, 0x245b0000, 0x24760000)
 tenured generation   total 35580K, used 25442K [0x28cf0000, 0x2afaf000, 0x337a0000)
   the space 35580K,  71% used [0x28cf0000, 0x2a5c8a48, 0x2a5c8c00, 0x2afaf000)
 compacting perm gen  total 12288K, used 4157K [0x337a0000, 0x343a0000, 0x377a0000)
   the space 12288K,  33% used [0x337a0000, 0x33baf628, 0x33baf800, 0x343a0000)
    ro space 10240K,  41% used [0x377a0000, 0x37bd2050, 0x37bd2200, 0x381a0000)
    rw space 12288K,  52% used [0x381a0000, 0x387e6800, 0x387e6800, 0x38da0000)
Event: 5.230 GC heap after
Heap after GC invocations=29 (full 3):
 def new generation   total 16128K, used 1728K [0x237a0000, 0x24910000, 0x28cf0000)
  eden space 14400K,   0% used [0x237a0000, 0x237a0000, 0x245b0000)
  from space 1728K, 100% used [0x245b0000, 0x24760000, 0x24760000)
  to   space 1728K,   0% used [0x24760000, 0x24760000, 0x24910000)
 tenured generation   total 35580K, used 26675K [0x28cf0000, 0x2afaf000, 0x337a0000)
   the space 35580K,  74% used [0x28cf0000, 0x2a6fcfa8, 0x2a6fd000, 0x2afaf000)
 compacting perm gen  total 12288K, used 4157K [0x337a0000, 0x343a0000, 0x377a0000)
   the space 12288K,  33% used [0x337a0000, 0x33baf628, 0x33baf800, 0x343a0000)
    ro space 10240K,  41% used [0x377a0000, 0x37bd2050, 0x37bd2200, 0x381a0000)
    rw space 12288K,  52% used [0x381a0000, 0x387e6800, 0x387e6800, 0x38da0000)
}

Deoptimization events (0 events):
No events

Internal exceptions (10 events):
Event: 5.214 Thread 0x03c71400 Threw 0x245589f0 at C:\re\jdk7u51\527\hotspot\src\share\vm\prims\jvm.cpp:1244
Event: 5.215 Thread 0x03c71400 Threw 0x2455f4c8 at C:\re\jdk7u51\527\hotspot\src\share\vm\prims\jvm.cpp:1244
Event: 5.215 Thread 0x03c71400 Threw 0x24563b68 at C:\re\jdk7u51\527\hotspot\src\share\vm\prims\jvm.cpp:1244
Event: 5.215 Thread 0x03c71400 Threw 0x24568408 at C:\re\jdk7u51\527\hotspot\src\share\vm\prims\jvm.cpp:1244
Event: 5.217 Thread 0x03c71400 Threw 0x24574760 at C:\re\jdk7u51\527\hotspot\src\share\vm\prims\jvm.cpp:1244
Event: 5.219 Thread 0x03c71400 Threw 0x24593d60 at C:\re\jdk7u51\527\hotspot\src\share\vm\prims\jvm.cpp:1244
Event: 5.220 Thread 0x03c71400 Threw 0x245a20b8 at C:\re\jdk7u51\527\hotspot\src\share\vm\prims\jvm.cpp:1244
Event: 5.233 Thread 0x03c71400 Threw 0x237aa098 at C:\re\jdk7u51\527\hotspot\src\share\vm\prims\jvm.cpp:1244
Event: 6.135 Thread 0x03c71400 Threw 0x23840960 at C:\re\jdk7u51\527\hotspot\src\share\vm\prims\jvm.cpp:1244
Event: 6.137 Thread 0x03c71400 Threw 0x2384b3b0 at C:\re\jdk7u51\527\hotspot\src\share\vm\prims\jvm.cpp:1244

Events (10 events):
Event: 5.239 Executing VM operation: RevokeBias done
Event: 5.239 Executing VM operation: RevokeBias
Event: 5.239 Executing VM operation: RevokeBias done
Event: 5.239 Executing VM operation: BulkRevokeBias
Event: 5.239 Executing VM operation: BulkRevokeBias done
Event: 6.135 loading class 0x03c89d78
Event: 6.135 loading class 0x03c89d78 done
Event: 6.137 loading class 0x03c388c8
Event: 6.137 loading class 0x03c388c8 done
Event: 9.327 Thread 0x00745400 flushing nmethod 0x01b37648


Dynamic libraries:
0x00e70000 - 0x00e9f000 	C:\Program Files\Java\jre7\bin\javaw.exe
0x77bf0000 - 0x77d2c000 	C:\windows\SYSTEM32\ntdll.dll
0x77a40000 - 0x77b14000 	C:\windows\system32\kernel32.dll
0x75de0000 - 0x75e2b000 	C:\windows\system32\KERNELBASE.dll
0x77b50000 - 0x77bf0000 	C:\windows\system32\ADVAPI32.dll
0x761b0000 - 0x7625c000 	C:\windows\system32\msvcrt.dll
0x77d70000 - 0x77d89000 	C:\windows\SYSTEM32\sechost.dll
0x77290000 - 0x77332000 	C:\windows\system32\RPCRT4.dll
0x77970000 - 0x77a39000 	C:\windows\system32\USER32.dll
0x77920000 - 0x7796e000 	C:\windows\system32\GDI32.dll
0x77470000 - 0x7747a000 	C:\windows\system32\LPK.dll
0x77480000 - 0x7751d000 	C:\windows\system32\USP10.dll
0x74d60000 - 0x74efe000 	C:\windows\WinSxS\x86_microsoft.windows.common-controls_6595b64144ccf1df_6.0.7601.17514_none_41e6975e2bd6f2b2\COMCTL32.dll
0x77780000 - 0x777d7000 	C:\windows\system32\SHLWAPI.dll
0x77870000 - 0x7788f000 	C:\windows\system32\IMM32.DLL
0x76570000 - 0x7663c000 	C:\windows\system32\MSCTF.dll
0x5d040000 - 0x5d0ff000 	C:\Program Files\Java\jre7\bin\msvcr100.dll
0x59f40000 - 0x5a2c0000 	C:\Program Files\Java\jre7\bin\client\jvm.dll
0x751a0000 - 0x751a7000 	C:\windows\system32\WSOCK32.dll
0x77d30000 - 0x77d65000 	C:\windows\system32\WS2_32.dll
0x77910000 - 0x77916000 	C:\windows\system32\NSI.dll
0x74fd0000 - 0x75002000 	C:\windows\system32\WINMM.dll
0x75f90000 - 0x75f95000 	C:\windows\system32\PSAPI.DLL
0x59f30000 - 0x59f3c000 	C:\Program Files\Java\jre7\bin\verify.dll
0x59d30000 - 0x59d50000 	C:\Program Files\Java\jre7\bin\java.dll
0x59d00000 - 0x59d13000 	C:\Program Files\Java\jre7\bin\zip.dll
0x53df0000 - 0x53f33000 	C:\Program Files\Java\jre7\bin\awt.dll
0x777e0000 - 0x7786f000 	C:\windows\system32\OLEAUT32.dll
0x76260000 - 0x763bc000 	C:\windows\system32\ole32.dll
0x74320000 - 0x74333000 	C:\windows\system32\DWMAPI.DLL
0x6cec0000 - 0x6cf42000 	C:\Users\usuario\AppData\Local\Temp\libgdxusuario\6df0928e\gdx.dll
0x10000000 - 0x1004c000 	C:\Users\usuario\AppData\Local\Temp\libgdxusuario\52d76f2b\lwjgl.dll
0x58000000 - 0x580c8000 	C:\windows\system32\OPENGL32.dll
0x73e50000 - 0x73e72000 	C:\windows\system32\GLU32.dll
0x53d00000 - 0x53de7000 	C:\windows\system32\DDRAW.dll
0x74910000 - 0x74916000 	C:\windows\system32\DCIMAN32.dll
0x763d0000 - 0x7656d000 	C:\windows\system32\SETUPAPI.dll
0x75d80000 - 0x75da7000 	C:\windows\system32\CFGMGR32.dll
0x75cd0000 - 0x75ce2000 	C:\windows\system32\DEVOBJ.dll
0x751d0000 - 0x751d9000 	C:\windows\system32\VERSION.dll
0x00a50000 - 0x00ab5000 	C:\Users\usuario\AppData\Local\Temp\libgdxusuario\52d76f2b\OpenAL32.dll
0x76640000 - 0x7728a000 	C:\windows\system32\SHELL32.dll
0x75b30000 - 0x75b3c000 	C:\windows\system32\CRYPTBASE.dll
0x74710000 - 0x74750000 	C:\windows\system32\uxtheme.dll
0x71640000 - 0x71660000 	C:\Program Files\Common Files\Spigot\Search Settings\wth166.dll
0x00df0000 - 0x00e6d000 	c:\Program Files\Hewlett-Packard\HP ProtectTools Security Manager\Bin\DpoFeedb.dll
0x75310000 - 0x75327000 	C:\windows\system32\USERENV.dll
0x75c30000 - 0x75c3b000 	C:\windows\system32\profapi.dll
0x77d90000 - 0x77e13000 	C:\windows\system32\CLBCatQ.DLL
0x74c60000 - 0x74d55000 	C:\windows\System32\PROPSYS.dll
0x75e30000 - 0x75e5e000 	C:\windows\system32\WINTRUST.dll
0x75e60000 - 0x75f80000 	C:\windows\system32\CRYPT32.dll
0x75ca0000 - 0x75cac000 	C:\windows\system32\MSASN1.dll
0x74190000 - 0x74202000 	C:\windows\system32\dsound.dll
0x743a0000 - 0x743c5000 	C:\windows\system32\POWRPROF.dll
0x74350000 - 0x74389000 	C:\windows\System32\MMDevApi.dll
0x74090000 - 0x740c6000 	C:\windows\system32\AUDIOSES.DLL
0x04d90000 - 0x05833000 	C:\windows\system32\ig4icd32.dll
0x00ae0000 - 0x00b18000 	C:\Program Files\WIDCOMM\Bluetooth Software\btmmhook.dll
0x68050000 - 0x6806f000 	c:\Program Files\Hewlett-Packard\HP ProtectTools Security Manager\Bin\DpoSet.dll
0x68130000 - 0x681be000 	C:\windows\WinSxS\x86_microsoft.vc90.crt_1fc8b3b9a1e18e3b_9.0.30729.4974_none_50940634bcb759cb\MSVCP90.dll
0x71040000 - 0x710e3000 	C:\windows\WinSxS\x86_microsoft.vc90.crt_1fc8b3b9a1e18e3b_9.0.30729.4974_none_50940634bcb759cb\MSVCR90.dll
0x680b0000 - 0x68129000 	C:\windows\system32\mscms.dll
0x68070000 - 0x680a8000 	C:\windows\system32\icm32.dll
0x03f50000 - 0x03f71000 	C:\Program Files\WIDCOMM\Bluetooth Software\btkeyind.dll
0x681c0000 - 0x682ab000 	C:\windows\system32\dbghelp.dll

VM Arguments:
jvm_args: -Dfile.encoding=Cp1252 
java_command: com.me.mygdxgame.Main
Launcher Type: SUN_STANDARD

Environment Variables:
JAVA_HOME=C:\Program Files\Java\jdk1.7.0
CLASSPATH=.;C:\Program Files\Java\jre7\lib\ext\QTJava.zip
PATH=C:/Program Files/Java/jre7/bin/client;C:/Program Files/Java/jre7/bin;C:/Program Files/Java/jre7/lib/i386;C:\Software\Oracle\oraclexe\app\oracle\product\11.2.0\server\bin;;C:\Software\Oracle\ODAC;C:\Software\Oracle\ODAC\bin;C:\windows\system32;C:\windows;C:\windows\System32\Wbem;C:\windows\System32\WindowsPowerShell\v1.0\;c:\Program Files\Common Files\Roxio Shared\DLLShared\;c:\Program Files\Common Files\Roxio Shared\10.0\DLLShared\;C:\Program Files\ActivIdentity\ActivClient\;c:\Program Files\Hewlett-Packard\Drive Encryption\;C:\Program Files\WIDCOMM\Bluetooth Software\;C:\Program Files\Common Files\Acronis\SnapAPI\;c:\Program Files\Microsoft SQL Server\90\Tools\binn\;C:\Program Files\MATLAB\R2008a\bin;C:\Program Files\MATLAB\R2008a\bin\win32;JAVA_HOME\bin;C:\Program Files\QuickTime\QTSystem\;C:\Software\Doxygen\doxygen\bin;C:\Program Files\AMD\CodeAnalyst\bin;C:\Program Files\Microsoft\Web Platform Installer\;C:\Program Files\Microsoft ASP.NET\ASP.NET Web Pages\v1.0\;C:\Program Files\Windows Kits\8.0\Windows Performance Toolkit\;C:\Program Files\Microsoft SQL Server\110\Tools\Binn\;c:\Program Files\Microsoft SQL Server\110\Tools\Binn\ManagementStudio\;c:\Program Files\Microsoft SQL Server\110\DTS\Binn\;C:\Program Files\Eclipse Android\adt-bundle-windows-x86-20131030\eclipse;
USERNAME=usuario
OS=Windows_NT
PROCESSOR_IDENTIFIER=x86 Family 6 Model 37 Stepping 2, GenuineIntel



---------------  S Y S T E M  ---------------

OS: Windows 7 Build 7601 Service Pack 1

CPU:total 4 (2 cores per cpu, 2 threads per core) family 6 model 37 stepping 2, cmov, cx8, fxsr, mmx, sse, sse2, sse3, ssse3, sse4.1, sse4.2, popcnt, aes, ht, tsc, tscinvbit

Memory: 4k page, physical 3063224k(656440k free), swap 6124696k(2747652k free)

vm_info: Java HotSpot(TM) Client VM (24.51-b03) for windows-x86 JRE (1.7.0_51-b13), built on Dec 18 2013 19:09:58 by "java_re" with unknown MS VC++:1600

time: Tue Apr 01 16:44:03 2014
elapsed time: 14 seconds

