#
# A fatal error has been detected by the Java Runtime Environment:
#
#  EXCEPTION_ACCESS_VIOLATION (0xc0000005) at pc=0x6cee1fda, pid=7492, tid=4724
#
# JRE version: Java(TM) SE Runtime Environment (7.0_51-b13) (build 1.7.0_51-b13)
# Java VM: Java HotSpot(TM) Client VM (24.51-b03 mixed mode, sharing windows-x86 )
# Problematic frame:
# C  [gdx.dll+0x21fda]
#
# Failed to write core dump. Minidumps are not enabled by default on client versions of Windows
#
# If you would like to submit a bug report, please visit:
#   http://bugreport.sun.com/bugreport/crash.jsp
# The crash happened outside the Java Virtual Machine in native code.
# See problematic frame for where to report the bug.
#

---------------  T H R E A D  ---------------

Current thread (0x03fcc800):  JavaThread "LWJGL Application" [_thread_in_native, id=4724, stack(0x04810000,0x04860000)]

siginfo: ExceptionCode=0xc0000005, reading address 0x001ccd00

Registers:
EAX=0x001ccca0, EBX=0x041a1448, ECX=0x7ff4e000, EDX=0x041a1448
ESP=0x0485f2b0, EBP=0x0485f318, ESI=0x33b8cd28, EDI=0x03fcc800
EIP=0x6cee1fda, EFLAGS=0x00010206

Top of Stack: (sp=0x0485f2b0)
0x0485f2b0:   0485f2dc 0485f2c4 657b04d4 0485f2d8
0x0485f2c0:   03fcc800 0485f308 6580b1bd d56b5d2d
0x0485f2d0:   0485f2f4 65857da3 65a45a60 00000000
0x0485f2e0:   0000001c 00000000 0000000e 04850000
0x0485f2f0:   0485f30c 6cf145c0 6cf14da8 0485f310
0x0485f300:   6cee2061 0485f2b0 65809e7f 03fcc800
0x0485f310:   00000006 00000008 0485f374 6ceeb634
0x0485f320:   041a1448 33b7888f 000000b6 0485f43c 

Instructions: (pc=0x6cee1fda)
0x6cee1fba:   e8 c1 bd 02 00 8b 55 08 8b 82 28 92 01 00 85 c0
0x6cee1fca:   75 0e eb 48 66 90 8b 45 c0 85 c0 74 3f 8b 45 c0
0x6cee1fda:   8b 50 60 8b 40 64 89 55 c0 85 c0 74 e9 8b 50 04
0x6cee1fea:   c7 40 1c 00 00 00 00 89 04 24 c7 45 c8 01 00 00 


Register to memory mapping:

EAX=0x001ccca0 is an unknown value
EBX=0x041a1448 is an unknown value
ECX=0x7ff4e000 is an unknown value
EDX=0x041a1448 is an unknown value
ESP=0x0485f2b0 is pointing into the stack for thread: 0x03fcc800
EBP=0x0485f318 is pointing into the stack for thread: 0x03fcc800
ESI=0x33b8cd28 is an oop
{method} 
 - klass: {other class}
EDI=0x03fcc800 is a thread


Stack: [0x04810000,0x04860000],  sp=0x0485f2b0,  free space=316k
Native frames: (J=compiled Java code, j=interpreted, Vv=VM code, C=native code)
C  [gdx.dll+0x21fda]
C  [gdx.dll+0x2b634]
j  com.badlogic.gdx.physics.box2d.World.dispose()V+5
j  com.me.mygdxgame.game.WorldController.dispose()V+11
j  com.me.mygdxgame.screens.GameScreen.hide()V+4
j  com.badlogic.gdx.Game.setScreen(Lcom/badlogic/gdx/Screen;)V+11
j  com.me.mygdxgame.game.WorldController.backToMenu()V+15
j  com.me.mygdxgame.game.WorldController.update(F)V+46
j  com.me.mygdxgame.screens.GameScreen.render(F)V+12
j  com.badlogic.gdx.Game.render()V+19
j  com.badlogic.gdx.backends.lwjgl.LwjglApplication.mainLoop()V+642
j  com.badlogic.gdx.backends.lwjgl.LwjglApplication$1.run()V+27
v  ~StubRoutines::call_stub
V  [jvm.dll+0x13f35a]
V  [jvm.dll+0x202c6e]
V  [jvm.dll+0x13f525]
V  [jvm.dll+0x13f587]
V  [jvm.dll+0xeb81f]
V  [jvm.dll+0x16059c]
V  [jvm.dll+0x160fd7]
V  [jvm.dll+0x1a4b79]
C  [msvcr100.dll+0x5c556]
C  [msvcr100.dll+0x5c600]
C  [kernel32.dll+0x51154]
C  [ntdll.dll+0x5b299]
C  [ntdll.dll+0x5b26c]

Java frames: (J=compiled Java code, j=interpreted, Vv=VM code)
j  com.badlogic.gdx.physics.box2d.World.jniDispose(J)V+0
j  com.badlogic.gdx.physics.box2d.World.dispose()V+5
j  com.me.mygdxgame.game.WorldController.dispose()V+11
j  com.me.mygdxgame.screens.GameScreen.hide()V+4
j  com.badlogic.gdx.Game.setScreen(Lcom/badlogic/gdx/Screen;)V+11
j  com.me.mygdxgame.game.WorldController.backToMenu()V+15
j  com.me.mygdxgame.game.WorldController.update(F)V+46
j  com.me.mygdxgame.screens.GameScreen.render(F)V+12
j  com.badlogic.gdx.Game.render()V+19
j  com.badlogic.gdx.backends.lwjgl.LwjglApplication.mainLoop()V+642
j  com.badlogic.gdx.backends.lwjgl.LwjglApplication$1.run()V+27
v  ~StubRoutines::call_stub

---------------  P R O C E S S  ---------------

Java Threads: ( => current thread )
  0x07b76400 JavaThread "LWJGL Timer" daemon [_thread_blocked, id=6084, stack(0x04460000,0x044b0000)]
  0x03fdf400 JavaThread "AsynchExecutor-Thread" daemon [_thread_blocked, id=2032, stack(0x080a0000,0x080f0000)]
  0x001bd000 JavaThread "DestroyJavaVM" [_thread_blocked, id=2900, stack(0x01790000,0x017e0000)]
=>0x03fcc800 JavaThread "LWJGL Application" [_thread_in_native, id=4724, stack(0x04810000,0x04860000)]
  0x03ec8c00 JavaThread "Java2D Disposer" daemon [_thread_blocked, id=6740, stack(0x04120000,0x04170000)]
  0x01590800 JavaThread "Service Thread" daemon [_thread_blocked, id=5732, stack(0x03c70000,0x03cc0000)]
  0x0158c800 JavaThread "C1 CompilerThread0" daemon [_thread_blocked, id=7368, stack(0x03c00000,0x03c50000)]
  0x01587c00 JavaThread "Attach Listener" daemon [_thread_blocked, id=1096, stack(0x03ab0000,0x03b00000)]
  0x01585000 JavaThread "Signal Dispatcher" daemon [_thread_blocked, id=6720, stack(0x03990000,0x039e0000)]
  0x0150fc00 JavaThread "Finalizer" daemon [_thread_blocked, id=6652, stack(0x03b50000,0x03ba0000)]
  0x0150e400 JavaThread "Reference Handler" daemon [_thread_blocked, id=7780, stack(0x03a20000,0x03a70000)]

Other Threads:
  0x0150cc00 VMThread [stack: 0x038e0000,0x03930000] [id=2228]
  0x0159a000 WatcherThread [stack: 0x03df0000,0x03e40000] [id=6548]

VM state:not at safepoint (normal execution)

VM Mutex/Monitor currently owned by a thread: None

Heap
 def new generation   total 12736K, used 12298K [0x237a0000, 0x24570000, 0x28cf0000)
  eden space 11328K,  98% used [0x237a0000, 0x2428a5c8, 0x242b0000)
  from space 1408K,  79% used [0x242b0000, 0x243c82f8, 0x24410000)
  to   space 1408K,   0% used [0x24410000, 0x24410000, 0x24570000)
 tenured generation   total 28200K, used 25111K [0x28cf0000, 0x2a87a000, 0x337a0000)
   the space 28200K,  89% used [0x28cf0000, 0x2a575fe8, 0x2a576000, 0x2a87a000)
 compacting perm gen  total 12288K, used 4184K [0x337a0000, 0x343a0000, 0x377a0000)
   the space 12288K,  34% used [0x337a0000, 0x33bb6100, 0x33bb6200, 0x343a0000)
    ro space 10240K,  41% used [0x377a0000, 0x37bd2050, 0x37bd2200, 0x381a0000)
    rw space 12288K,  52% used [0x381a0000, 0x387e6800, 0x387e6800, 0x38da0000)

Card table byte_map: [0x016d0000,0x01780000] byte_map_base: 0x015b4300

Polling page: 0x00380000

Code Cache  [0x017e0000, 0x01978000, 0x037e0000)
 total_blobs=874 nmethods=577 adapters=234 free_code_cache=31153Kb largest_free_block=31900800

Compilation events (10 events):
Event: 13.084 Thread 0x0158c800  584             com.badlogic.gdx.graphics.g2d.BitmapFont::getBounds (136 bytes)
Event: 13.085 Thread 0x0158c800 nmethod 584 0x01971fc8 code [0x01972120, 0x01972458]
Event: 13.085 Thread 0x0158c800  585             com.badlogic.gdx.graphics.g2d.SpriteBatch::switchTexture (32 bytes)
Event: 13.086 Thread 0x0158c800 nmethod 585 0x01972c88 code [0x01972db0, 0x01972eec]
Event: 13.165 Thread 0x0158c800  586             com.badlogic.gdx.math.Vector3::scl (23 bytes)
Event: 13.166 Thread 0x0158c800 nmethod 586 0x01973048 code [0x01973140, 0x019731f0]
Event: 13.346 Thread 0x0158c800  587             com.badlogic.gdx.graphics.g2d.BitmapFontCache::clear (58 bytes)
Event: 13.347 Thread 0x0158c800 nmethod 587 0x01973248 code [0x01973350, 0x01973460]
Event: 13.478 Thread 0x0158c800  588             com.badlogic.gdx.graphics.g2d.BitmapFontCache::draw (66 bytes)
Event: 13.479 Thread 0x0158c800 nmethod 588 0x01973608 code [0x01973720, 0x0197389c]

GC Heap History (10 events):
Event: 1.401 GC heap before
{Heap before GC invocations=20 (full 2):
 def new generation   total 9664K, used 9405K [0x237a0000, 0x24210000, 0x28cf0000)
  eden space 8640K, 100% used [0x237a0000, 0x24010000, 0x24010000)
  from space 1024K,  74% used [0x24110000, 0x241cf738, 0x24210000)
  to   space 1024K,   0% used [0x24010000, 0x24010000, 0x24110000)
 tenured generation   total 21352K, used 11794K [0x28cf0000, 0x2a1ca000, 0x337a0000)
   the space 21352K,  55% used [0x28cf0000, 0x29874850, 0x29874a00, 0x2a1ca000)
 compacting perm gen  total 12288K, used 843K [0x337a0000, 0x343a0000, 0x377a0000)
   the space 12288K,   6% used [0x337a0000, 0x33872cb0, 0x33872e00, 0x343a0000)
    ro space 10240K,  41% used [0x377a0000, 0x37bd2050, 0x37bd2200, 0x381a0000)
    rw space 12288K,  52% used [0x381a0000, 0x387e6800, 0x387e6800, 0x38da0000)
Event: 1.401 GC heap after
Heap after GC invocations=21 (full 2):
 def new generation   total 9664K, used 158K [0x237a0000, 0x24210000, 0x28cf0000)
  eden space 8640K,   0% used [0x237a0000, 0x237a0000, 0x24010000)
  from space 1024K,  15% used [0x24010000, 0x24037bb8, 0x24110000)
  to   space 1024K,   0% used [0x24110000, 0x24110000, 0x24210000)
 tenured generation   total 21352K, used 11814K [0x28cf0000, 0x2a1ca000, 0x337a0000)
   the space 21352K,  55% used [0x28cf0000, 0x29879840, 0x29879a00, 0x2a1ca000)
 compacting perm gen  total 12288K, used 843K [0x337a0000, 0x343a0000, 0x377a0000)
   the space 12288K,   6% used [0x337a0000, 0x33872cb0, 0x33872e00, 0x343a0000)
    ro space 10240K,  41% used [0x377a0000, 0x37bd2050, 0x37bd2200, 0x381a0000)
    rw space 12288K,  52% used [0x381a0000, 0x387e6800, 0x387e6800, 0x38da0000)
}
Event: 1.423 GC heap before
{Heap before GC invocations=21 (full 2):
 def new generation   total 9664K, used 8181K [0x237a0000, 0x24210000, 0x28cf0000)
  eden space 8640K,  92% used [0x237a0000, 0x23f75aa0, 0x24010000)
  from space 1024K,  15% used [0x24010000, 0x24037bb8, 0x24110000)
  to   space 1024K,   0% used [0x24110000, 0x24110000, 0x24210000)
 tenured generation   total 21352K, used 11814K [0x28cf0000, 0x2a1ca000, 0x337a0000)
   the space 21352K,  55% used [0x28cf0000, 0x29879840, 0x29879a00, 0x2a1ca000)
 compacting perm gen  total 12288K, used 843K [0x337a0000, 0x343a0000, 0x377a0000)
   the space 12288K,   6% used [0x337a0000, 0x33872cb0, 0x33872e00, 0x343a0000)
    ro space 10240K,  41% used [0x377a0000, 0x37bd2050, 0x37bd2200, 0x381a0000)
    rw space 12288K,  52% used [0x381a0000, 0x387e6800, 0x387e6800, 0x38da0000)
Event: 1.425 GC heap after
Heap after GC invocations=22 (full 2):
 def new generation   total 9664K, used 1K [0x237a0000, 0x24210000, 0x28cf0000)
  eden space 8640K,   0% used [0x237a0000, 0x237a0000, 0x24010000)
  from space 1024K,   0% used [0x24110000, 0x24110470, 0x24210000)
  to   space 1024K,   0% used [0x24010000, 0x24010000, 0x24110000)
 tenured generation   total 21352K, used 15910K [0x28cf0000, 0x2a1ca000, 0x337a0000)
   the space 21352K,  74% used [0x28cf0000, 0x29c79850, 0x29c79a00, 0x2a1ca000)
 compacting perm gen  total 12288K, used 843K [0x337a0000, 0x343a0000, 0x377a0000)
   the space 12288K,   6% used [0x337a0000, 0x33872cb0, 0x33872e00, 0x343a0000)
    ro space 10240K,  41% used [0x377a0000, 0x37bd2050, 0x37bd2200, 0x381a0000)
    rw space 12288K,  52% used [0x381a0000, 0x387e6800, 0x387e6800, 0x38da0000)
}
Event: 1.485 GC heap before
{Heap before GC invocations=22 (full 2):
 def new generation   total 9664K, used 8309K [0x237a0000, 0x24210000, 0x28cf0000)
  eden space 8640K,  96% used [0x237a0000, 0x23fbd190, 0x24010000)
  from space 1024K,   0% used [0x24110000, 0x24110470, 0x24210000)
  to   space 1024K,   0% used [0x24010000, 0x24010000, 0x24110000)
 tenured generation   total 21352K, used 15910K [0x28cf0000, 0x2a1ca000, 0x337a0000)
   the space 21352K,  74% used [0x28cf0000, 0x29c79850, 0x29c79a00, 0x2a1ca000)
 compacting perm gen  total 12288K, used 843K [0x337a0000, 0x343a0000, 0x377a0000)
   the space 12288K,   6% used [0x337a0000, 0x33872cb0, 0x33872e00, 0x343a0000)
    ro space 10240K,  41% used [0x377a0000, 0x37bd2050, 0x37bd2200, 0x381a0000)
    rw space 12288K,  52% used [0x381a0000, 0x387e6800, 0x387e6800, 0x38da0000)
Event: 1.504 GC heap after
Heap after GC invocations=23 (full 3):
 def new generation   total 12736K, used 0K [0x237a0000, 0x24570000, 0x28cf0000)
  eden space 11328K,   0% used [0x237a0000, 0x237a0000, 0x242b0000)
  from space 1408K,   0% used [0x242b0000, 0x242b0000, 0x24410000)
  to   space 1408K,   0% used [0x24410000, 0x24410000, 0x24570000)
 tenured generation   total 28200K, used 16919K [0x28cf0000, 0x2a87a000, 0x337a0000)
   the space 28200K,  59% used [0x28cf0000, 0x29d75fc8, 0x29d76000, 0x2a87a000)
 compacting perm gen  total 12288K, used 843K [0x337a0000, 0x343a0000, 0x377a0000)
   the space 12288K,   6% used [0x337a0000, 0x33872cb0, 0x33872e00, 0x343a0000)
    ro space 10240K,  41% used [0x377a0000, 0x37bd2050, 0x37bd2200, 0x381a0000)
    rw space 12288K,  52% used [0x381a0000, 0x387e6800, 0x387e6800, 0x38da0000)
}
Event: 1.947 GC heap before
{Heap before GC invocations=23 (full 3):
 def new generation   total 12736K, used 11328K [0x237a0000, 0x24570000, 0x28cf0000)
  eden space 11328K, 100% used [0x237a0000, 0x242b0000, 0x242b0000)
  from space 1408K,   0% used [0x242b0000, 0x242b0040, 0x24410000)
  to   space 1408K,   0% used [0x24410000, 0x24410000, 0x24570000)
 tenured generation   total 28200K, used 16919K [0x28cf0000, 0x2a87a000, 0x337a0000)
   the space 28200K,  59% used [0x28cf0000, 0x29d75fc8, 0x29d76000, 0x2a87a000)
 compacting perm gen  total 12288K, used 843K [0x337a0000, 0x343a0000, 0x377a0000)
   the space 12288K,   6% used [0x337a0000, 0x33872cb0, 0x33872e00, 0x343a0000)
    ro space 10240K,  41% used [0x377a0000, 0x37bd2050, 0x37bd2200, 0x381a0000)
    rw space 12288K,  52% used [0x381a0000, 0x387e6800, 0x387e6800, 0x38da0000)
Event: 1.951 GC heap after
Heap after GC invocations=24 (full 3):
 def new generation   total 12736K, used 63K [0x237a0000, 0x24570000, 0x28cf0000)
  eden space 11328K,   0% used [0x237a0000, 0x237a0000, 0x242b0000)
  from space 1408K,   4% used [0x24410000, 0x2441ff80, 0x24570000)
  to   space 1408K,   0% used [0x242b0000, 0x242b0000, 0x24410000)
 tenured generation   total 28200K, used 25111K [0x28cf0000, 0x2a87a000, 0x337a0000)
   the space 28200K,  89% used [0x28cf0000, 0x2a575fe8, 0x2a576000, 0x2a87a000)
 compacting perm gen  total 12288K, used 843K [0x337a0000, 0x343a0000, 0x377a0000)
   the space 12288K,   6% used [0x337a0000, 0x33872cb0, 0x33872e00, 0x343a0000)
    ro space 10240K,  41% used [0x377a0000, 0x37bd2050, 0x37bd2200, 0x381a0000)
    rw space 12288K,  52% used [0x381a0000, 0x387e6800, 0x387e6800, 0x38da0000)
}
Event: 2.707 GC heap before
{Heap before GC invocations=24 (full 3):
 def new generation   total 12736K, used 11391K [0x237a0000, 0x24570000, 0x28cf0000)
  eden space 11328K, 100% used [0x237a0000, 0x242b0000, 0x242b0000)
  from space 1408K,   4% used [0x24410000, 0x2441ff80, 0x24570000)
  to   space 1408K,   0% used [0x242b0000, 0x242b0000, 0x24410000)
 tenured generation   total 28200K, used 25111K [0x28cf0000, 0x2a87a000, 0x337a0000)
   the space 28200K,  89% used [0x28cf0000, 0x2a575fe8, 0x2a576000, 0x2a87a000)
 compacting perm gen  total 12288K, used 1991K [0x337a0000, 0x343a0000, 0x377a0000)
   the space 12288K,  16% used [0x337a0000, 0x33991fa8, 0x33992000, 0x343a0000)
    ro space 10240K,  41% used [0x377a0000, 0x37bd2050, 0x37bd2200, 0x381a0000)
    rw space 12288K,  52% used [0x381a0000, 0x387e6800, 0x387e6800, 0x38da0000)
Event: 2.711 GC heap after
Heap after GC invocations=25 (full 3):
 def new generation   total 12736K, used 1120K [0x237a0000, 0x24570000, 0x28cf0000)
  eden space 11328K,   0% used [0x237a0000, 0x237a0000, 0x242b0000)
  from space 1408K,  79% used [0x242b0000, 0x243c82f8, 0x24410000)
  to   space 1408K,   0% used [0x24410000, 0x24410000, 0x24570000)
 tenured generation   total 28200K, used 25111K [0x28cf0000, 0x2a87a000, 0x337a0000)
   the space 28200K,  89% used [0x28cf0000, 0x2a575fe8, 0x2a576000, 0x2a87a000)
 compacting perm gen  total 12288K, used 1991K [0x337a0000, 0x343a0000, 0x377a0000)
   the space 12288K,  16% used [0x337a0000, 0x33991fa8, 0x33992000, 0x343a0000)
    ro space 10240K,  41% used [0x377a0000, 0x37bd2050, 0x37bd2200, 0x381a0000)
    rw space 12288K,  52% used [0x381a0000, 0x387e6800, 0x387e6800, 0x38da0000)
}

Deoptimization events (0 events):
No events

Internal exceptions (10 events):
Event: 3.950 Thread 0x03fcc800 Threw 0x24116408 at C:\re\jdk7u51\527\hotspot\src\share\vm\prims\jvm.cpp:1244
Event: 3.951 Thread 0x03fcc800 Threw 0x2411cee0 at C:\re\jdk7u51\527\hotspot\src\share\vm\prims\jvm.cpp:1244
Event: 3.951 Thread 0x03fcc800 Threw 0x24121580 at C:\re\jdk7u51\527\hotspot\src\share\vm\prims\jvm.cpp:1244
Event: 3.952 Thread 0x03fcc800 Threw 0x24125ec8 at C:\re\jdk7u51\527\hotspot\src\share\vm\prims\jvm.cpp:1244
Event: 3.954 Thread 0x03fcc800 Threw 0x24132220 at C:\re\jdk7u51\527\hotspot\src\share\vm\prims\jvm.cpp:1244
Event: 3.956 Thread 0x03fcc800 Threw 0x2413b3e8 at C:\re\jdk7u51\527\hotspot\src\share\vm\prims\jvm.cpp:1244
Event: 3.958 Thread 0x03fcc800 Threw 0x2415d1a0 at C:\re\jdk7u51\527\hotspot\src\share\vm\prims\jvm.cpp:1244
Event: 3.961 Thread 0x03fcc800 Threw 0x24172710 at C:\re\jdk7u51\527\hotspot\src\share\vm\prims\jvm.cpp:1244
Event: 4.940 Thread 0x03fcc800 Threw 0x241c0218 at C:\re\jdk7u51\527\hotspot\src\share\vm\prims\jvm.cpp:1244
Event: 4.942 Thread 0x03fcc800 Threw 0x241cac68 at C:\re\jdk7u51\527\hotspot\src\share\vm\prims\jvm.cpp:1244

Events (10 events):
Event: 8.450 Thread 0x0158c800 flushing nmethod 0x018a3b88
Event: 8.450 Thread 0x0158c800 flushing nmethod 0x018a6208
Event: 8.450 Thread 0x0158c800 flushing nmethod 0x018aa308
Event: 8.450 Thread 0x0158c800 flushing nmethod 0x018accc8
Event: 8.450 Thread 0x0158c800 flushing nmethod 0x018af4c8
Event: 8.450 Thread 0x0158c800 flushing nmethod 0x018b2208
Event: 8.450 Thread 0x0158c800 flushing nmethod 0x018b4c48
Event: 8.450 Thread 0x0158c800 flushing nmethod 0x018b6e08
Event: 8.451 Thread 0x0158c800 flushing nmethod 0x018b7508
Event: 8.451 Thread 0x0158c800 flushing nmethod 0x018b7908


Dynamic libraries:
0x013e0000 - 0x0140f000 	C:\Program Files\Java\jre7\bin\javaw.exe
0x77860000 - 0x7799c000 	C:\windows\SYSTEM32\ntdll.dll
0x774b0000 - 0x77584000 	C:\windows\system32\kernel32.dll
0x75b50000 - 0x75b9b000 	C:\windows\system32\KERNELBASE.dll
0x76570000 - 0x76610000 	C:\windows\system32\ADVAPI32.dll
0x77590000 - 0x7763c000 	C:\windows\system32\msvcrt.dll
0x76430000 - 0x76449000 	C:\windows\SYSTEM32\sechost.dll
0x779e0000 - 0x77a81000 	C:\windows\system32\RPCRT4.dll
0x75fd0000 - 0x76099000 	C:\windows\system32\USER32.dll
0x760a0000 - 0x760ee000 	C:\windows\system32\GDI32.dll
0x779d0000 - 0x779da000 	C:\windows\system32\LPK.dll
0x76730000 - 0x767ce000 	C:\windows\system32\USP10.dll
0x74b30000 - 0x74cce000 	C:\windows\WinSxS\x86_microsoft.windows.common-controls_6595b64144ccf1df_6.0.7600.16661_none_420fe3fa2b8113bd\COMCTL32.dll
0x75f70000 - 0x75fc7000 	C:\windows\system32\SHLWAPI.dll
0x779b0000 - 0x779cf000 	C:\windows\system32\IMM32.DLL
0x75cf0000 - 0x75dbc000 	C:\windows\system32\MSCTF.dll
0x61070000 - 0x6112f000 	C:\Program Files\Java\jre7\bin\msvcr100.dll
0x657a0000 - 0x65b20000 	C:\Program Files\Java\jre7\bin\client\jvm.dll
0x74f70000 - 0x74f77000 	C:\windows\system32\WSOCK32.dll
0x763f0000 - 0x76425000 	C:\windows\system32\WS2_32.dll
0x779a0000 - 0x779a6000 	C:\windows\system32\NSI.dll
0x74da0000 - 0x74dd2000 	C:\windows\system32\WINMM.dll
0x75dc0000 - 0x75dc5000 	C:\windows\system32\PSAPI.DLL
0x66130000 - 0x6613c000 	C:\Program Files\Java\jre7\bin\verify.dll
0x66110000 - 0x66130000 	C:\Program Files\Java\jre7\bin\java.dll
0x660f0000 - 0x66103000 	C:\Program Files\Java\jre7\bin\zip.dll
0x5f670000 - 0x5f7b3000 	C:\Program Files\Java\jre7\bin\awt.dll
0x77420000 - 0x774af000 	C:\windows\system32\OLEAUT32.dll
0x76210000 - 0x7636c000 	C:\windows\system32\ole32.dll
0x73f00000 - 0x73f13000 	C:\windows\system32\DWMAPI.DLL
0x6cec0000 - 0x6cf42000 	C:\Users\usuario\AppData\Local\Temp\libgdxusuario\6df0928e\gdx.dll
0x10000000 - 0x1004c000 	C:\Users\usuario\AppData\Local\Temp\libgdxusuario\52d76f2b\lwjgl.dll
0x5f5a0000 - 0x5f668000 	C:\windows\system32\OPENGL32.dll
0x73d10000 - 0x73d32000 	C:\windows\system32\GLU32.dll
0x5ee00000 - 0x5eee7000 	C:\windows\system32\DDRAW.dll
0x74800000 - 0x74806000 	C:\windows\system32\DCIMAN32.dll
0x75dd0000 - 0x75f6d000 	C:\windows\system32\SETUPAPI.dll
0x75b00000 - 0x75b27000 	C:\windows\system32\CFGMGR32.dll
0x75b30000 - 0x75b42000 	C:\windows\system32\DEVOBJ.dll
0x74fa0000 - 0x74fa9000 	C:\windows\system32\VERSION.dll
0x04040000 - 0x040a5000 	C:\Users\usuario\AppData\Local\Temp\libgdxusuario\52d76f2b\OpenAL32.dll
0x767d0000 - 0x77419000 	C:\windows\system32\SHELL32.dll
0x75970000 - 0x7597c000 	C:\windows\system32\CRYPTBASE.dll
0x74230000 - 0x74270000 	C:\windows\system32\uxtheme.dll
0x04270000 - 0x042ed000 	c:\Program Files\Hewlett-Packard\HP ProtectTools Security Manager\Bin\DpoFeedb.dll
0x75110000 - 0x75127000 	C:\windows\system32\USERENV.dll
0x759f0000 - 0x759fb000 	C:\windows\system32\profapi.dll
0x6adb0000 - 0x6add0000 	C:\Program Files\Common Files\Spigot\Search Settings\wth166.dll
0x76450000 - 0x764d3000 	C:\windows\system32\CLBCatQ.DLL
0x74a30000 - 0x74b25000 	C:\windows\System32\PROPSYS.dll
0x75cc0000 - 0x75ced000 	C:\windows\system32\WINTRUST.dll
0x75ba0000 - 0x75cbe000 	C:\windows\system32\CRYPT32.dll
0x75a60000 - 0x75a6c000 	C:\windows\system32\MSASN1.dll
0x74680000 - 0x746f2000 	C:\windows\system32\dsound.dll
0x74740000 - 0x74765000 	C:\windows\system32\POWRPROF.dll
0x74700000 - 0x74739000 	C:\windows\System32\MMDevApi.dll
0x745b0000 - 0x745e6000 	C:\windows\system32\AUDIOSES.DLL
0x051b0000 - 0x05c53000 	C:\windows\system32\ig4icd32.dll
0x039e0000 - 0x03a18000 	C:\Program Files\WIDCOMM\Bluetooth Software\btmmhook.dll
0x66750000 - 0x6676f000 	c:\Program Files\Hewlett-Packard\HP ProtectTools Security Manager\Bin\DpoSet.dll
0x6c390000 - 0x6c41e000 	C:\windows\WinSxS\x86_microsoft.vc90.crt_1fc8b3b9a1e18e3b_9.0.30729.4974_none_50940634bcb759cb\MSVCP90.dll
0x70ef0000 - 0x70f93000 	C:\windows\WinSxS\x86_microsoft.vc90.crt_1fc8b3b9a1e18e3b_9.0.30729.4974_none_50940634bcb759cb\MSVCR90.dll
0x674b0000 - 0x67529000 	C:\windows\system32\mscms.dll
0x67470000 - 0x674a8000 	C:\windows\system32\icm32.dll
0x03b20000 - 0x03b41000 	C:\Program Files\WIDCOMM\Bluetooth Software\btkeyind.dll
0x6d610000 - 0x6d6fb000 	C:\windows\system32\dbghelp.dll

VM Arguments:
jvm_args: -Dfile.encoding=Cp1252 
java_command: com.me.mygdxgame.Main
Launcher Type: SUN_STANDARD

Environment Variables:
JAVA_HOME=C:\Program Files\Java\jdk1.7.0
CLASSPATH=.;C:\Program Files\Java\jre7\lib\ext\QTJava.zip
PATH=C:/Program Files/Java/jre7/bin/client;C:/Program Files/Java/jre7/bin;C:/Program Files/Java/jre7/lib/i386;C:\Software\Oracle\oraclexe\app\oracle\product\11.2.0\server\bin;;C:\Software\Oracle\ODAC;C:\Software\Oracle\ODAC\bin;C:\windows\system32;C:\windows;C:\windows\System32\Wbem;C:\windows\System32\WindowsPowerShell\v1.0\;c:\Program Files\Common Files\Roxio Shared\DLLShared\;c:\Program Files\Common Files\Roxio Shared\10.0\DLLShared\;C:\Program Files\ActivIdentity\ActivClient\;c:\Program Files\Hewlett-Packard\Drive Encryption\;C:\Program Files\WIDCOMM\Bluetooth Software\;C:\Program Files\Common Files\Acronis\SnapAPI\;c:\Program Files\Microsoft SQL Server\90\Tools\binn\;C:\Program Files\MATLAB\R2008a\bin;C:\Program Files\MATLAB\R2008a\bin\win32;JAVA_HOME\bin;C:\Program Files\QuickTime\QTSystem\;C:\Software\Doxygen\doxygen\bin;C:\Program Files\AMD\CodeAnalyst\bin;C:\Program Files\Microsoft\Web Platform Installer\;C:\Program Files\Microsoft ASP.NET\ASP.NET Web Pages\v1.0\;C:\Program Files\Windows Kits\8.0\Windows Performance Toolkit\;C:\Program Files\Microsoft SQL Server\110\Tools\Binn\;C:\Program Files\Eclipse Android\adt-bundle-windows-x86-20131030\eclipse;
USERNAME=usuario
OS=Windows_NT
PROCESSOR_IDENTIFIER=x86 Family 6 Model 37 Stepping 2, GenuineIntel



---------------  S Y S T E M  ---------------

OS: Windows 7 Build 7600 

CPU:total 4 (2 cores per cpu, 2 threads per core) family 6 model 37 stepping 2, cmov, cx8, fxsr, mmx, sse, sse2, sse3, ssse3, sse4.1, sse4.2, popcnt, aes, ht, tsc, tscinvbit

Memory: 4k page, physical 3063224k(1477068k free), swap 6124684k(3567696k free)

vm_info: Java HotSpot(TM) Client VM (24.51-b03) for windows-x86 JRE (1.7.0_51-b13), built on Dec 18 2013 19:09:58 by "java_re" with unknown MS VC++:1600

time: Tue Mar 25 16:25:15 2014
elapsed time: 13 seconds

