#
# A fatal error has been detected by the Java Runtime Environment:
#
#  EXCEPTION_ACCESS_VIOLATION (0xc0000005) at pc=0x6cee2108, pid=192, tid=7124
#
# JRE version: Java(TM) SE Runtime Environment (7.0_51-b13) (build 1.7.0_51-b13)
# Java VM: Java HotSpot(TM) Client VM (24.51-b03 mixed mode, sharing windows-x86 )
# Problematic frame:
# C  [gdx.dll+0x22108]
#
# Failed to write core dump. Minidumps are not enabled by default on client versions of Windows
#
# If you would like to submit a bug report, please visit:
#   http://bugreport.sun.com/bugreport/crash.jsp
# The crash happened outside the Java Virtual Machine in native code.
# See problematic frame for where to report the bug.
#

---------------  T H R E A D  ---------------

Current thread (0x03ed5000):  JavaThread "LWJGL Application" [_thread_in_native, id=7124, stack(0x046f0000,0x04740000)]

siginfo: ExceptionCode=0xc0000005, writing address 0x0406a664

Registers:
EAX=0x04051448, EBX=0x04051448, ECX=0x2445f478, EDX=0x0473f538
ESP=0x0473f51c, EBP=0x0473f598, ESI=0x2445f478, EDI=0x03ed5000
EIP=0x6cee2108, EFLAGS=0x00010202

Top of Stack: (sp=0x0473f51c)
0x0473f51c:   6ceeb330 04051448 0473f538 017d3207
0x0473f52c:   00000000 43f00000 44480000 6cf21160
0x0473f53c:   03ed5130 0473f57c 6cf211a8 03ed5130
0x0473f54c:   0473f57c 339f61d0 00000000 00000000
0x0473f55c:   0197e7f2 03ed5130 0473f57c 04051448
0x0473f56c:   00000000 3c83740b 00000008 00000003
0x0473f57c:   2445f478 244b6478 244b7600 244b7658
0x0473f58c:   244b7670 0473f72c 0197faa0 0473f72c 

Instructions: (pc=0x6cee2108)
0x6cee20e8:   b5 90 8d b6 00 00 00 00 8b 54 24 08 8b 44 24 04
0x6cee20f8:   89 90 44 92 01 00 c3 90 8b 54 24 08 8b 44 24 04
0x6cee2108:   89 90 1c 92 01 00 c3 90 8b 54 24 08 8b 44 24 04
0x6cee2118:   89 90 20 92 01 00 c3 90 8b 54 24 08 8b 44 24 04 


Register to memory mapping:

EAX=0x04051448 is an unknown value
EBX=0x04051448 is an unknown value
ECX=0x2445f478 is an oop
com.badlogic.gdx.physics.box2d.World 
 - klass: 'com/badlogic/gdx/physics/box2d/World'
EDX=0x0473f538 is pointing into the stack for thread: 0x03ed5000
ESP=0x0473f51c is pointing into the stack for thread: 0x03ed5000
EBP=0x0473f598 is pointing into the stack for thread: 0x03ed5000
ESI=0x2445f478 is an oop
com.badlogic.gdx.physics.box2d.World 
 - klass: 'com/badlogic/gdx/physics/box2d/World'
EDI=0x03ed5000 is a thread


Stack: [0x046f0000,0x04740000],  sp=0x0473f51c,  free space=317k
Native frames: (J=compiled Java code, j=interpreted, Vv=VM code, C=native code)
C  [gdx.dll+0x22108]
J  com.me.mygdxgame.game.WorldController.update(F)V
j  com.badlogic.gdx.backends.lwjgl.LwjglApplication$1.run()V+27
v  ~StubRoutines::call_stub
V  [jvm.dll+0x13f35a]
V  [jvm.dll+0x202c6e]
V  [jvm.dll+0x13f525]
V  [jvm.dll+0x13f587]
V  [jvm.dll+0xeb81f]
V  [jvm.dll+0x16059c]
V  [jvm.dll+0x160fd7]
V  [jvm.dll+0x1a4b79]
C  [msvcr100.dll+0x5c556]
C  [msvcr100.dll+0x5c600]
C  [kernel32.dll+0x51154]
C  [ntdll.dll+0x5b299]
C  [ntdll.dll+0x5b26c]

Java frames: (J=compiled Java code, j=interpreted, Vv=VM code)
J  com.badlogic.gdx.physics.box2d.World.jniStep(JFII)V
J  com.me.mygdxgame.game.WorldController.update(F)V
J  com.me.mygdxgame.screens.GameScreen.render(F)V
J  com.badlogic.gdx.Game.render()V
j  com.badlogic.gdx.backends.lwjgl.LwjglApplication.mainLoop()V+642
j  com.badlogic.gdx.backends.lwjgl.LwjglApplication$1.run()V+27
v  ~StubRoutines::call_stub

---------------  P R O C E S S  ---------------

Java Threads: ( => current thread )
  0x07abec00 JavaThread "LWJGL Timer" daemon [_thread_blocked, id=1640, stack(0x07f60000,0x07fb0000)]
  0x03f38000 JavaThread "AsynchExecutor-Thread" daemon [_thread_blocked, id=5776, stack(0x07fb0000,0x08000000)]
  0x0120d000 JavaThread "DestroyJavaVM" [_thread_blocked, id=3052, stack(0x002a0000,0x002f0000)]
=>0x03ed5000 JavaThread "LWJGL Application" [_thread_in_native, id=7124, stack(0x046f0000,0x04740000)]
  0x03dc5400 JavaThread "Java2D Disposer" daemon [_thread_blocked, id=6744, stack(0x03ca0000,0x03cf0000)]
  0x0168a400 JavaThread "Service Thread" daemon [_thread_blocked, id=7388, stack(0x03cf0000,0x03d40000)]
  0x01685800 JavaThread "C1 CompilerThread0" daemon [_thread_blocked, id=1592, stack(0x03bf0000,0x03c40000)]
  0x01680800 JavaThread "Attach Listener" daemon [_thread_blocked, id=6916, stack(0x03b40000,0x03b90000)]
  0x0167d400 JavaThread "Signal Dispatcher" daemon [_thread_blocked, id=7428, stack(0x03ae0000,0x03b30000)]
  0x0160fc00 JavaThread "Finalizer" daemon [_thread_blocked, id=7232, stack(0x03980000,0x039d0000)]
  0x0160e400 JavaThread "Reference Handler" daemon [_thread_blocked, id=8056, stack(0x03a70000,0x03ac0000)]

Other Threads:
  0x0160cc00 VMThread [stack: 0x03910000,0x03960000] [id=7236]
  0x0169d400 WatcherThread [stack: 0x039f0000,0x03a40000] [id=7368]

VM state:not at safepoint (normal execution)

VM Mutex/Monitor currently owned by a thread: None

Heap
 def new generation   total 12736K, used 4022K [0x237a0000, 0x24570000, 0x28cf0000)
  eden space 11328K,  23% used [0x237a0000, 0x23a2da10, 0x242b0000)
  from space 1408K, 100% used [0x24410000, 0x24570000, 0x24570000)
  to   space 1408K,   0% used [0x242b0000, 0x242b0000, 0x24410000)
 tenured generation   total 28200K, used 26322K [0x28cf0000, 0x2a87a000, 0x337a0000)
   the space 28200K,  93% used [0x28cf0000, 0x2a6a49b8, 0x2a6a4a00, 0x2a87a000)
 compacting perm gen  total 12288K, used 4184K [0x337a0000, 0x343a0000, 0x377a0000)
   the space 12288K,  34% used [0x337a0000, 0x33bb6260, 0x33bb6400, 0x343a0000)
    ro space 10240K,  41% used [0x377a0000, 0x37bd2050, 0x37bd2200, 0x381a0000)
    rw space 12288K,  52% used [0x381a0000, 0x387e6800, 0x387e6800, 0x38da0000)

Card table byte_map: [0x037d0000,0x03880000] byte_map_base: 0x036b4300

Polling page: 0x00270000

Code Cache  [0x017d0000, 0x01998000, 0x037d0000)
 total_blobs=1007 nmethods=710 adapters=234 free_code_cache=30967Kb largest_free_block=31710208

Compilation events (10 events):
Event: 69.332 Thread 0x01685800  716             java.nio.CharBuffer::<init> (22 bytes)
Event: 69.332 Thread 0x01685800 nmethod 716 0x01990c08 code [0x01990d00, 0x01990dcc]
Event: 69.332 Thread 0x01685800  717             java.lang.String::trim (77 bytes)
Event: 69.333 Thread 0x01685800 nmethod 717 0x01990e48 code [0x01990f50, 0x0199108c]
Event: 69.340 Thread 0x01685800  718   !         java.util.WeakHashMap::expungeStaleEntries (139 bytes)
Event: 69.340 Thread 0x01685800 nmethod 718 0x01991188 code [0x019912c0, 0x019917cc]
Event: 69.342 Thread 0x01685800  719             java.util.StringTokenizer::hasMoreTokens (29 bytes)
Event: 69.342 Thread 0x01685800 nmethod 719 0x01991d88 code [0x01991e80, 0x01991f3c]
Event: 69.346 Thread 0x01685800  721             java.lang.Integer::intValue (5 bytes)
Event: 69.346 Thread 0x01685800 nmethod 721 0x01992248 code [0x01992340, 0x019923c0]

GC Heap History (10 events):
Event: 1.505 GC heap before
{Heap before GC invocations=21 (full 2):
 def new generation   total 9664K, used 8103K [0x237a0000, 0x24210000, 0x28cf0000)
  eden space 8640K,  91% used [0x237a0000, 0x23f620f8, 0x24010000)
  from space 1024K,  15% used [0x24010000, 0x24037bb8, 0x24110000)
  to   space 1024K,   0% used [0x24110000, 0x24110000, 0x24210000)
 tenured generation   total 21352K, used 11814K [0x28cf0000, 0x2a1ca000, 0x337a0000)
   the space 21352K,  55% used [0x28cf0000, 0x29879870, 0x29879a00, 0x2a1ca000)
 compacting perm gen  total 12288K, used 843K [0x337a0000, 0x343a0000, 0x377a0000)
   the space 12288K,   6% used [0x337a0000, 0x33872cc0, 0x33872e00, 0x343a0000)
    ro space 10240K,  41% used [0x377a0000, 0x37bd2050, 0x37bd2200, 0x381a0000)
    rw space 12288K,  52% used [0x381a0000, 0x387e6800, 0x387e6800, 0x38da0000)
Event: 1.507 GC heap after
Heap after GC invocations=22 (full 2):
 def new generation   total 9664K, used 1K [0x237a0000, 0x24210000, 0x28cf0000)
  eden space 8640K,   0% used [0x237a0000, 0x237a0000, 0x24010000)
  from space 1024K,   0% used [0x24110000, 0x24110470, 0x24210000)
  to   space 1024K,   0% used [0x24010000, 0x24010000, 0x24110000)
 tenured generation   total 21352K, used 15910K [0x28cf0000, 0x2a1ca000, 0x337a0000)
   the space 21352K,  74% used [0x28cf0000, 0x29c79880, 0x29c79a00, 0x2a1ca000)
 compacting perm gen  total 12288K, used 843K [0x337a0000, 0x343a0000, 0x377a0000)
   the space 12288K,   6% used [0x337a0000, 0x33872cc0, 0x33872e00, 0x343a0000)
    ro space 10240K,  41% used [0x377a0000, 0x37bd2050, 0x37bd2200, 0x381a0000)
    rw space 12288K,  52% used [0x381a0000, 0x387e6800, 0x387e6800, 0x38da0000)
}
Event: 1.573 GC heap before
{Heap before GC invocations=22 (full 2):
 def new generation   total 9664K, used 8309K [0x237a0000, 0x24210000, 0x28cf0000)
  eden space 8640K,  96% used [0x237a0000, 0x23fbd2d0, 0x24010000)
  from space 1024K,   0% used [0x24110000, 0x24110470, 0x24210000)
  to   space 1024K,   0% used [0x24010000, 0x24010000, 0x24110000)
 tenured generation   total 21352K, used 15910K [0x28cf0000, 0x2a1ca000, 0x337a0000)
   the space 21352K,  74% used [0x28cf0000, 0x29c79880, 0x29c79a00, 0x2a1ca000)
 compacting perm gen  total 12288K, used 843K [0x337a0000, 0x343a0000, 0x377a0000)
   the space 12288K,   6% used [0x337a0000, 0x33872cc0, 0x33872e00, 0x343a0000)
    ro space 10240K,  41% used [0x377a0000, 0x37bd2050, 0x37bd2200, 0x381a0000)
    rw space 12288K,  52% used [0x381a0000, 0x387e6800, 0x387e6800, 0x38da0000)
Event: 1.594 GC heap after
Heap after GC invocations=23 (full 3):
 def new generation   total 12736K, used 0K [0x237a0000, 0x24570000, 0x28cf0000)
  eden space 11328K,   0% used [0x237a0000, 0x237a0000, 0x242b0000)
  from space 1408K,   0% used [0x242b0000, 0x242b0000, 0x24410000)
  to   space 1408K,   0% used [0x24410000, 0x24410000, 0x24570000)
 tenured generation   total 28200K, used 16919K [0x28cf0000, 0x2a87a000, 0x337a0000)
   the space 28200K,  59% used [0x28cf0000, 0x29d75ff8, 0x29d76000, 0x2a87a000)
 compacting perm gen  total 12288K, used 843K [0x337a0000, 0x343a0000, 0x377a0000)
   the space 12288K,   6% used [0x337a0000, 0x33872cc0, 0x33872e00, 0x343a0000)
    ro space 10240K,  41% used [0x377a0000, 0x37bd2050, 0x37bd2200, 0x381a0000)
    rw space 12288K,  52% used [0x381a0000, 0x387e6800, 0x387e6800, 0x38da0000)
}
Event: 1.952 GC heap before
{Heap before GC invocations=23 (full 3):
 def new generation   total 12736K, used 11328K [0x237a0000, 0x24570000, 0x28cf0000)
  eden space 11328K, 100% used [0x237a0000, 0x242b0000, 0x242b0000)
  from space 1408K,   0% used [0x242b0000, 0x242b0040, 0x24410000)
  to   space 1408K,   0% used [0x24410000, 0x24410000, 0x24570000)
 tenured generation   total 28200K, used 16919K [0x28cf0000, 0x2a87a000, 0x337a0000)
   the space 28200K,  59% used [0x28cf0000, 0x29d75ff8, 0x29d76000, 0x2a87a000)
 compacting perm gen  total 12288K, used 843K [0x337a0000, 0x343a0000, 0x377a0000)
   the space 12288K,   6% used [0x337a0000, 0x33872cc0, 0x33872e00, 0x343a0000)
    ro space 10240K,  41% used [0x377a0000, 0x37bd2050, 0x37bd2200, 0x381a0000)
    rw space 12288K,  52% used [0x381a0000, 0x387e6800, 0x387e6800, 0x38da0000)
Event: 1.956 GC heap after
Heap after GC invocations=24 (full 3):
 def new generation   total 12736K, used 63K [0x237a0000, 0x24570000, 0x28cf0000)
  eden space 11328K,   0% used [0x237a0000, 0x237a0000, 0x242b0000)
  from space 1408K,   4% used [0x24410000, 0x2441ff80, 0x24570000)
  to   space 1408K,   0% used [0x242b0000, 0x242b0000, 0x24410000)
 tenured generation   total 28200K, used 25112K [0x28cf0000, 0x2a87a000, 0x337a0000)
   the space 28200K,  89% used [0x28cf0000, 0x2a576018, 0x2a576200, 0x2a87a000)
 compacting perm gen  total 12288K, used 843K [0x337a0000, 0x343a0000, 0x377a0000)
   the space 12288K,   6% used [0x337a0000, 0x33872cc0, 0x33872e00, 0x343a0000)
    ro space 10240K,  41% used [0x377a0000, 0x37bd2050, 0x37bd2200, 0x381a0000)
    rw space 12288K,  52% used [0x381a0000, 0x387e6800, 0x387e6800, 0x38da0000)
}
Event: 2.692 GC heap before
{Heap before GC invocations=24 (full 3):
 def new generation   total 12736K, used 11391K [0x237a0000, 0x24570000, 0x28cf0000)
  eden space 11328K, 100% used [0x237a0000, 0x242b0000, 0x242b0000)
  from space 1408K,   4% used [0x24410000, 0x2441ff80, 0x24570000)
  to   space 1408K,   0% used [0x242b0000, 0x242b0000, 0x24410000)
 tenured generation   total 28200K, used 25112K [0x28cf0000, 0x2a87a000, 0x337a0000)
   the space 28200K,  89% used [0x28cf0000, 0x2a576018, 0x2a576200, 0x2a87a000)
 compacting perm gen  total 12288K, used 1992K [0x337a0000, 0x343a0000, 0x377a0000)
   the space 12288K,  16% used [0x337a0000, 0x33992208, 0x33992400, 0x343a0000)
    ro space 10240K,  41% used [0x377a0000, 0x37bd2050, 0x37bd2200, 0x381a0000)
    rw space 12288K,  52% used [0x381a0000, 0x387e6800, 0x387e6800, 0x38da0000)
Event: 2.696 GC heap after
Heap after GC invocations=25 (full 3):
 def new generation   total 12736K, used 1122K [0x237a0000, 0x24570000, 0x28cf0000)
  eden space 11328K,   0% used [0x237a0000, 0x237a0000, 0x242b0000)
  from space 1408K,  79% used [0x242b0000, 0x243c8a50, 0x24410000)
  to   space 1408K,   0% used [0x24410000, 0x24410000, 0x24570000)
 tenured generation   total 28200K, used 25112K [0x28cf0000, 0x2a87a000, 0x337a0000)
   the space 28200K,  89% used [0x28cf0000, 0x2a576018, 0x2a576200, 0x2a87a000)
 compacting perm gen  total 12288K, used 1992K [0x337a0000, 0x343a0000, 0x377a0000)
   the space 12288K,  16% used [0x337a0000, 0x33992208, 0x33992400, 0x343a0000)
    ro space 10240K,  41% used [0x377a0000, 0x37bd2050, 0x37bd2200, 0x381a0000)
    rw space 12288K,  52% used [0x381a0000, 0x387e6800, 0x387e6800, 0x38da0000)
}
Event: 28.332 GC heap before
{Heap before GC invocations=25 (full 3):
 def new generation   total 12736K, used 12450K [0x237a0000, 0x24570000, 0x28cf0000)
  eden space 11328K, 100% used [0x237a0000, 0x242b0000, 0x242b0000)
  from space 1408K,  79% used [0x242b0000, 0x243c8a50, 0x24410000)
  to   space 1408K,   0% used [0x24410000, 0x24410000, 0x24570000)
 tenured generation   total 28200K, used 25112K [0x28cf0000, 0x2a87a000, 0x337a0000)
   the space 28200K,  89% used [0x28cf0000, 0x2a576018, 0x2a576200, 0x2a87a000)
 compacting perm gen  total 12288K, used 4184K [0x337a0000, 0x343a0000, 0x377a0000)
   the space 12288K,  34% used [0x337a0000, 0x33bb6210, 0x33bb6400, 0x343a0000)
    ro space 10240K,  41% used [0x377a0000, 0x37bd2050, 0x37bd2200, 0x381a0000)
    rw space 12288K,  52% used [0x381a0000, 0x387e6800, 0x387e6800, 0x38da0000)
Event: 28.350 GC heap after
Heap after GC invocations=26 (full 3):
 def new generation   total 12736K, used 1408K [0x237a0000, 0x24570000, 0x28cf0000)
  eden space 11328K,   0% used [0x237a0000, 0x237a0000, 0x242b0000)
  from space 1408K, 100% used [0x24410000, 0x24570000, 0x24570000)
  to   space 1408K,   0% used [0x242b0000, 0x242b0000, 0x24410000)
 tenured generation   total 28200K, used 26322K [0x28cf0000, 0x2a87a000, 0x337a0000)
   the space 28200K,  93% used [0x28cf0000, 0x2a6a49b8, 0x2a6a4a00, 0x2a87a000)
 compacting perm gen  total 12288K, used 4184K [0x337a0000, 0x343a0000, 0x377a0000)
   the space 12288K,  34% used [0x337a0000, 0x33bb6210, 0x33bb6400, 0x343a0000)
    ro space 10240K,  41% used [0x377a0000, 0x37bd2050, 0x37bd2200, 0x381a0000)
    rw space 12288K,  52% used [0x381a0000, 0x387e6800, 0x387e6800, 0x38da0000)
}

Deoptimization events (0 events):
No events

Internal exceptions (10 events):
Event: 3.728 Thread 0x03ed5000 Threw 0x24110b80 at C:\re\jdk7u51\527\hotspot\src\share\vm\prims\jvm.cpp:1244
Event: 3.729 Thread 0x03ed5000 Threw 0x24117658 at C:\re\jdk7u51\527\hotspot\src\share\vm\prims\jvm.cpp:1244
Event: 3.729 Thread 0x03ed5000 Threw 0x2411bd38 at C:\re\jdk7u51\527\hotspot\src\share\vm\prims\jvm.cpp:1244
Event: 3.729 Thread 0x03ed5000 Threw 0x241205d8 at C:\re\jdk7u51\527\hotspot\src\share\vm\prims\jvm.cpp:1244
Event: 3.731 Thread 0x03ed5000 Threw 0x2412c930 at C:\re\jdk7u51\527\hotspot\src\share\vm\prims\jvm.cpp:1244
Event: 3.732 Thread 0x03ed5000 Threw 0x24135af8 at C:\re\jdk7u51\527\hotspot\src\share\vm\prims\jvm.cpp:1244
Event: 3.733 Thread 0x03ed5000 Threw 0x24157708 at C:\re\jdk7u51\527\hotspot\src\share\vm\prims\jvm.cpp:1244
Event: 3.736 Thread 0x03ed5000 Threw 0x2416cc78 at C:\re\jdk7u51\527\hotspot\src\share\vm\prims\jvm.cpp:1244
Event: 4.385 Thread 0x03ed5000 Threw 0x241b7fb8 at C:\re\jdk7u51\527\hotspot\src\share\vm\prims\jvm.cpp:1244
Event: 4.387 Thread 0x03ed5000 Threw 0x241c2a08 at C:\re\jdk7u51\527\hotspot\src\share\vm\prims\jvm.cpp:1244

Events (10 events):
Event: 28.332 Executing VM operation: GenCollectForAllocation
Event: 28.350 Executing VM operation: GenCollectForAllocation done
Event: 28.352 Executing VM operation: RevokeBias
Event: 28.352 Executing VM operation: RevokeBias done
Event: 28.352 Executing VM operation: RevokeBias
Event: 28.352 Executing VM operation: RevokeBias done
Event: 28.352 Executing VM operation: RevokeBias
Event: 28.352 Executing VM operation: RevokeBias done
Event: 28.352 Executing VM operation: RevokeBias
Event: 28.352 Executing VM operation: RevokeBias done


Dynamic libraries:
0x01270000 - 0x0129f000 	C:\Program Files\Java\jre7\bin\javaw.exe
0x77520000 - 0x7765c000 	C:\windows\SYSTEM32\ntdll.dll
0x76060000 - 0x76134000 	C:\windows\system32\kernel32.dll
0x757c0000 - 0x7580b000 	C:\windows\system32\KERNELBASE.dll
0x77680000 - 0x77720000 	C:\windows\system32\ADVAPI32.dll
0x75c50000 - 0x75cfc000 	C:\windows\system32\msvcrt.dll
0x76470000 - 0x76489000 	C:\windows\SYSTEM32\sechost.dll
0x770f0000 - 0x77191000 	C:\windows\system32\RPCRT4.dll
0x75d00000 - 0x75dc9000 	C:\windows\system32\USER32.dll
0x75be0000 - 0x75c2e000 	C:\windows\system32\GDI32.dll
0x770e0000 - 0x770ea000 	C:\windows\system32\LPK.dll
0x77420000 - 0x774be000 	C:\windows\system32\USP10.dll
0x747f0000 - 0x7498e000 	C:\windows\WinSxS\x86_microsoft.windows.common-controls_6595b64144ccf1df_6.0.7600.16661_none_420fe3fa2b8113bd\COMCTL32.dll
0x774c0000 - 0x77517000 	C:\windows\system32\SHLWAPI.dll
0x77660000 - 0x7767f000 	C:\windows\system32\IMM32.DLL
0x75f90000 - 0x7605c000 	C:\windows\system32\MSCTF.dll
0x5e470000 - 0x5e52f000 	C:\Program Files\Java\jre7\bin\msvcr100.dll
0x66410000 - 0x66790000 	C:\Program Files\Java\jre7\bin\client\jvm.dll
0x74c30000 - 0x74c37000 	C:\windows\system32\WSOCK32.dll
0x77230000 - 0x77265000 	C:\windows\system32\WS2_32.dll
0x75c40000 - 0x75c46000 	C:\windows\system32\NSI.dll
0x74a60000 - 0x74a92000 	C:\windows\system32\WINMM.dll
0x77220000 - 0x77225000 	C:\windows\system32\PSAPI.DLL
0x710b0000 - 0x710bc000 	C:\Program Files\Java\jre7\bin\verify.dll
0x68620000 - 0x68640000 	C:\Program Files\Java\jre7\bin\java.dll
0x67860000 - 0x67873000 	C:\Program Files\Java\jre7\bin\zip.dll
0x58160000 - 0x582a3000 	C:\Program Files\Java\jre7\bin\awt.dll
0x76140000 - 0x761cf000 	C:\windows\system32\OLEAUT32.dll
0x77270000 - 0x773cc000 	C:\windows\system32\ole32.dll
0x73a70000 - 0x73a83000 	C:\windows\system32\DWMAPI.DLL
0x6cec0000 - 0x6cf42000 	C:\Users\usuario\AppData\Local\Temp\libgdxusuario\6df0928e\gdx.dll
0x10000000 - 0x1004c000 	C:\Users\usuario\AppData\Local\Temp\libgdxusuario\52d76f2b\lwjgl.dll
0x57750000 - 0x57818000 	C:\windows\system32\OPENGL32.dll
0x65e70000 - 0x65e92000 	C:\windows\system32\GLU32.dll
0x55fd0000 - 0x560b7000 	C:\windows\system32\DDRAW.dll
0x71010000 - 0x71016000 	C:\windows\system32\DCIMAN32.dll
0x75a40000 - 0x75bdd000 	C:\windows\system32\SETUPAPI.dll
0x75980000 - 0x759a7000 	C:\windows\system32\CFGMGR32.dll
0x75810000 - 0x75822000 	C:\windows\system32\DEVOBJ.dll
0x74c60000 - 0x74c69000 	C:\windows\system32\VERSION.dll
0x03880000 - 0x038e5000 	C:\Users\usuario\AppData\Local\Temp\libgdxusuario\52d76f2b\OpenAL32.dll
0x76490000 - 0x770d9000 	C:\windows\system32\SHELL32.dll
0x75630000 - 0x7563c000 	C:\windows\system32\CRYPTBASE.dll
0x73da0000 - 0x73de0000 	C:\windows\system32\uxtheme.dll
0x04120000 - 0x0419d000 	c:\Program Files\Hewlett-Packard\HP ProtectTools Security Manager\Bin\DpoFeedb.dll
0x74dd0000 - 0x74de7000 	C:\windows\system32\USERENV.dll
0x756b0000 - 0x756bb000 	C:\windows\system32\profapi.dll
0x73190000 - 0x731b0000 	C:\Program Files\Common Files\Spigot\Search Settings\wth166.dll
0x759b0000 - 0x75a33000 	C:\windows\system32\CLBCatQ.DLL
0x746f0000 - 0x747e5000 	C:\windows\System32\PROPSYS.dll
0x75950000 - 0x7597d000 	C:\windows\system32\WINTRUST.dll
0x75830000 - 0x7594e000 	C:\windows\system32\CRYPT32.dll
0x75720000 - 0x7572c000 	C:\windows\system32\MSASN1.dll
0x74340000 - 0x743b2000 	C:\windows\system32\dsound.dll
0x74430000 - 0x74455000 	C:\windows\system32\POWRPROF.dll
0x743f0000 - 0x74429000 	C:\windows\System32\MMDevApi.dll
0x74270000 - 0x742a6000 	C:\windows\system32\AUDIOSES.DLL
0x04f60000 - 0x05a03000 	C:\windows\system32\ig4icd32.dll
0x03b90000 - 0x03bc8000 	C:\Program Files\WIDCOMM\Bluetooth Software\btmmhook.dll
0x673a0000 - 0x673bf000 	c:\Program Files\Hewlett-Packard\HP ProtectTools Security Manager\Bin\DpoSet.dll
0x6bee0000 - 0x6bf6e000 	C:\windows\WinSxS\x86_microsoft.vc90.crt_1fc8b3b9a1e18e3b_9.0.30729.4974_none_50940634bcb759cb\MSVCP90.dll
0x70be0000 - 0x70c83000 	C:\windows\WinSxS\x86_microsoft.vc90.crt_1fc8b3b9a1e18e3b_9.0.30729.4974_none_50940634bcb759cb\MSVCR90.dll
0x676f0000 - 0x67769000 	C:\windows\system32\mscms.dll
0x676b0000 - 0x676e8000 	C:\windows\system32\icm32.dll
0x04280000 - 0x042a1000 	C:\Program Files\WIDCOMM\Bluetooth Software\btkeyind.dll
0x6d300000 - 0x6d3eb000 	C:\windows\system32\dbghelp.dll

VM Arguments:
jvm_args: -Dfile.encoding=Cp1252 
java_command: com.me.mygdxgame.Main
Launcher Type: SUN_STANDARD

Environment Variables:
JAVA_HOME=C:\Program Files\Java\jdk1.7.0
CLASSPATH=.;C:\Program Files\Java\jre7\lib\ext\QTJava.zip
PATH=C:/Program Files/Java/jre7/bin/client;C:/Program Files/Java/jre7/bin;C:/Program Files/Java/jre7/lib/i386;C:\Software\Oracle\oraclexe\app\oracle\product\11.2.0\server\bin;;C:\Software\Oracle\ODAC;C:\Software\Oracle\ODAC\bin;C:\windows\system32;C:\windows;C:\windows\System32\Wbem;C:\windows\System32\WindowsPowerShell\v1.0\;c:\Program Files\Common Files\Roxio Shared\DLLShared\;c:\Program Files\Common Files\Roxio Shared\10.0\DLLShared\;C:\Program Files\ActivIdentity\ActivClient\;c:\Program Files\Hewlett-Packard\Drive Encryption\;C:\Program Files\WIDCOMM\Bluetooth Software\;C:\Program Files\Common Files\Acronis\SnapAPI\;c:\Program Files\Microsoft SQL Server\90\Tools\binn\;C:\Program Files\MATLAB\R2008a\bin;C:\Program Files\MATLAB\R2008a\bin\win32;JAVA_HOME\bin;C:\Program Files\QuickTime\QTSystem\;C:\Software\Doxygen\doxygen\bin;C:\Program Files\AMD\CodeAnalyst\bin;C:\Program Files\Microsoft\Web Platform Installer\;C:\Program Files\Microsoft ASP.NET\ASP.NET Web Pages\v1.0\;C:\Program Files\Windows Kits\8.0\Windows Performance Toolkit\;C:\Program Files\Microsoft SQL Server\110\Tools\Binn\;C:\Program Files\Eclipse Android\adt-bundle-windows-x86-20131030\eclipse;
USERNAME=usuario
OS=Windows_NT
PROCESSOR_IDENTIFIER=x86 Family 6 Model 37 Stepping 2, GenuineIntel



---------------  S Y S T E M  ---------------

OS: Windows 7 Build 7600 

CPU:total 4 (2 cores per cpu, 2 threads per core) family 6 model 37 stepping 2, cmov, cx8, fxsr, mmx, sse, sse2, sse3, ssse3, sse4.1, sse4.2, popcnt, aes, ht, tsc, tscinvbit

Memory: 4k page, physical 3063224k(1103832k free), swap 6124684k(2881748k free)

vm_info: Java HotSpot(TM) Client VM (24.51-b03) for windows-x86 JRE (1.7.0_51-b13), built on Dec 18 2013 19:09:58 by "java_re" with unknown MS VC++:1600

time: Tue Mar 25 13:29:18 2014
elapsed time: 69 seconds

