#
# A fatal error has been detected by the Java Runtime Environment:
#
#  EXCEPTION_ACCESS_VIOLATION (0xc0000005) at pc=0x6cee1fda, pid=7160, tid=540
#
# JRE version: Java(TM) SE Runtime Environment (7.0_51-b13) (build 1.7.0_51-b13)
# Java VM: Java HotSpot(TM) Client VM (24.51-b03 mixed mode, sharing windows-x86 )
# Problematic frame:
# C  [gdx.dll+0x21fda]
#
# Failed to write core dump. Minidumps are not enabled by default on client versions of Windows
#
# If you would like to submit a bug report, please visit:
#   http://bugreport.sun.com/bugreport/crash.jsp
# The crash happened outside the Java Virtual Machine in native code.
# See problematic frame for where to report the bug.
#

---------------  T H R E A D  ---------------

Current thread (0x0138ec00):  JavaThread "LWJGL Application" [_thread_in_native, id=540, stack(0x04140000,0x04190000)]

siginfo: ExceptionCode=0xc0000005, reading address 0x0014cd00

Registers:
EAX=0x0014cca0, EBX=0x04211448, ECX=0x7ff4e000, EDX=0x04211448
ESP=0x0418f610, EBP=0x0418f678, ESI=0x33b8cd48, EDI=0x0138ec00
EIP=0x6cee1fda, EFLAGS=0x00010206

Top of Stack: (sp=0x0418f610)
0x0418f610:   0418f63c 01899fe8 0418f630 65857b9d
0x0418f620:   338817a8 0139ffc8 0138ec00 338817a8
0x0418f630:   0418f644 658f2fa6 2a5760b8 00000000
0x0418f640:   01af94ec 0418f7a8 0196d2f2 0139ffc8
0x0418f650:   ffff027f 6cf145c0 6cf14da8 0418f670
0x0418f660:   6cee2061 0418f610 ffff0023 00000000
0x0418f670:   00000000 00000000 0418f6e0 6ceeb634
0x0418f680:   04211448 00000000 00000000 40000000 

Instructions: (pc=0x6cee1fda)
0x6cee1fba:   e8 c1 bd 02 00 8b 55 08 8b 82 28 92 01 00 85 c0
0x6cee1fca:   75 0e eb 48 66 90 8b 45 c0 85 c0 74 3f 8b 45 c0
0x6cee1fda:   8b 50 60 8b 40 64 89 55 c0 85 c0 74 e9 8b 50 04
0x6cee1fea:   c7 40 1c 00 00 00 00 89 04 24 c7 45 c8 01 00 00 


Register to memory mapping:

EAX=0x0014cca0 is an unknown value
EBX=0x04211448 is an unknown value
ECX=0x7ff4e000 is an unknown value
EDX=0x04211448 is an unknown value
ESP=0x0418f610 is pointing into the stack for thread: 0x0138ec00
EBP=0x0418f678 is pointing into the stack for thread: 0x0138ec00
ESI=0x33b8cd48 is an oop
{method} 
 - klass: {other class}
EDI=0x0138ec00 is a thread


Stack: [0x04140000,0x04190000],  sp=0x0418f610,  free space=317k
Native frames: (J=compiled Java code, j=interpreted, Vv=VM code, C=native code)
C  [gdx.dll+0x21fda]
C  [gdx.dll+0x2b634]
j  com.badlogic.gdx.physics.box2d.World.dispose()V+5
j  com.me.mygdxgame.game.WorldController.dispose()V+11
j  com.me.mygdxgame.screens.GameScreen.hide()V+4
j  com.badlogic.gdx.Game.setScreen(Lcom/badlogic/gdx/Screen;)V+11
J  com.me.mygdxgame.game.WorldController.update(F)V
j  com.badlogic.gdx.backends.lwjgl.LwjglApplication$1.run()V+27
v  ~StubRoutines::call_stub
V  [jvm.dll+0x13f35a]
V  [jvm.dll+0x202c6e]
V  [jvm.dll+0x13f525]
V  [jvm.dll+0x13f587]
V  [jvm.dll+0xeb81f]
V  [jvm.dll+0x16059c]
V  [jvm.dll+0x160fd7]
V  [jvm.dll+0x1a4b79]
C  [msvcr100.dll+0x5c556]
C  [msvcr100.dll+0x5c600]
C  [kernel32.dll+0x51154]
C  [ntdll.dll+0x5b299]
C  [ntdll.dll+0x5b26c]

Java frames: (J=compiled Java code, j=interpreted, Vv=VM code)
j  com.badlogic.gdx.physics.box2d.World.jniDispose(J)V+0
j  com.badlogic.gdx.physics.box2d.World.dispose()V+5
j  com.me.mygdxgame.game.WorldController.dispose()V+11
j  com.me.mygdxgame.screens.GameScreen.hide()V+4
j  com.badlogic.gdx.Game.setScreen(Lcom/badlogic/gdx/Screen;)V+11
J  com.me.mygdxgame.game.WorldController.update(F)V
J  com.me.mygdxgame.screens.GameScreen.render(F)V
J  com.badlogic.gdx.Game.render()V
j  com.badlogic.gdx.backends.lwjgl.LwjglApplication.mainLoop()V+642
j  com.badlogic.gdx.backends.lwjgl.LwjglApplication$1.run()V+27
v  ~StubRoutines::call_stub

---------------  P R O C E S S  ---------------

Java Threads: ( => current thread )
  0x01390000 JavaThread "LWJGL Timer" daemon [_thread_blocked, id=7464, stack(0x08000000,0x08050000)]
  0x0138f800 JavaThread "AsynchExecutor-Thread" daemon [_thread_blocked, id=4704, stack(0x07fb0000,0x08000000)]
  0x0138f400 JavaThread "DestroyJavaVM" [_thread_blocked, id=4648, stack(0x018f0000,0x01940000)]
=>0x0138ec00 JavaThread "LWJGL Application" [_thread_in_native, id=540, stack(0x04140000,0x04190000)]
  0x0138e800 JavaThread "Java2D Disposer" daemon [_thread_blocked, id=3896, stack(0x04190000,0x041e0000)]
  0x0138e000 JavaThread "Service Thread" daemon [_thread_blocked, id=7228, stack(0x03e00000,0x03e50000)]
  0x01399000 JavaThread "C1 CompilerThread0" daemon [_thread_blocked, id=1368, stack(0x03da0000,0x03df0000)]
  0x0138dc00 JavaThread "Attach Listener" daemon [_thread_blocked, id=6560, stack(0x03ca0000,0x03cf0000)]
  0x0138d400 JavaThread "Signal Dispatcher" daemon [_thread_blocked, id=4004, stack(0x03ab0000,0x03b00000)]
  0x01323400 JavaThread "Finalizer" daemon [_thread_blocked, id=3288, stack(0x03b80000,0x03bd0000)]
  0x0131e400 JavaThread "Reference Handler" daemon [_thread_blocked, id=1640, stack(0x03970000,0x039c0000)]

Other Threads:
  0x0131cc00 VMThread [stack: 0x039d0000,0x03a20000] [id=7784]
  0x013b4400 WatcherThread [stack: 0x03a20000,0x03a70000] [id=2004]

VM state:not at safepoint (normal execution)

VM Mutex/Monitor currently owned by a thread: None

Heap
 def new generation   total 12736K, used 3084K [0x237a0000, 0x24570000, 0x28cf0000)
  eden space 11328K,  14% used [0x237a0000, 0x239433d0, 0x242b0000)
  from space 1408K, 100% used [0x24410000, 0x24570000, 0x24570000)
  to   space 1408K,   0% used [0x242b0000, 0x242b0000, 0x24410000)
 tenured generation   total 28200K, used 26322K [0x28cf0000, 0x2a87a000, 0x337a0000)
   the space 28200K,  93% used [0x28cf0000, 0x2a6a4b80, 0x2a6a4c00, 0x2a87a000)
 compacting perm gen  total 12288K, used 4184K [0x337a0000, 0x343a0000, 0x377a0000)
   the space 12288K,  34% used [0x337a0000, 0x33bb6250, 0x33bb6400, 0x343a0000)
    ro space 10240K,  41% used [0x377a0000, 0x37bd2050, 0x37bd2200, 0x381a0000)
    rw space 12288K,  52% used [0x381a0000, 0x387e6800, 0x387e6800, 0x38da0000)

Card table byte_map: [0x01190000,0x01240000] byte_map_base: 0x01074300

Polling page: 0x00120000

Code Cache  [0x01940000, 0x01b08000, 0x03940000)
 total_blobs=1005 nmethods=708 adapters=234 free_code_cache=30957Kb largest_free_block=31699968

Compilation events (10 events):
Event: 46.075 Thread 0x01399000  715             java.nio.HeapByteBuffer::_get (7 bytes)
Event: 46.075 Thread 0x01399000 nmethod 715 0x01b03108 code [0x01b03200, 0x01b032a0]
Event: 47.272 Thread 0x01399000  716             com.badlogic.gdx.graphics.g2d.BitmapFontCache::setColor (124 bytes)
Event: 47.272 Thread 0x01399000 nmethod 716 0x01b03348 code [0x01b034a0, 0x01b036d0]
Event: 47.812 Thread 0x01399000  717             com.badlogic.gdx.graphics.g2d.BitmapFont$Glyph::getKerning (31 bytes)
Event: 47.813 Thread 0x01399000 nmethod 717 0x01b03988 code [0x01b03a90, 0x01b03b80]
Event: 48.124 Thread 0x01399000  718             com.badlogic.gdx.graphics.g2d.BitmapFont::indexOf (33 bytes)
Event: 48.125 Thread 0x01399000 nmethod 718 0x01b03c88 code [0x01b03da0, 0x01b03e98]
Event: 48.271 Thread 0x01399000  719             com.badlogic.gdx.graphics.g2d.BitmapFont::getBounds (136 bytes)
Event: 48.273 Thread 0x01399000 nmethod 719 0x01b03f48 code [0x01b040a0, 0x01b043d8]

GC Heap History (10 events):
Event: 1.453 GC heap before
{Heap before GC invocations=21 (full 2):
 def new generation   total 9664K, used 8181K [0x237a0000, 0x24210000, 0x28cf0000)
  eden space 8640K,  92% used [0x237a0000, 0x23f75aa0, 0x24010000)
  from space 1024K,  15% used [0x24010000, 0x24037bb8, 0x24110000)
  to   space 1024K,   0% used [0x24110000, 0x24110000, 0x24210000)
 tenured generation   total 21352K, used 11814K [0x28cf0000, 0x2a1ca000, 0x337a0000)
   the space 21352K,  55% used [0x28cf0000, 0x29879840, 0x29879a00, 0x2a1ca000)
 compacting perm gen  total 12288K, used 843K [0x337a0000, 0x343a0000, 0x377a0000)
   the space 12288K,   6% used [0x337a0000, 0x33872cc0, 0x33872e00, 0x343a0000)
    ro space 10240K,  41% used [0x377a0000, 0x37bd2050, 0x37bd2200, 0x381a0000)
    rw space 12288K,  52% used [0x381a0000, 0x387e6800, 0x387e6800, 0x38da0000)
Event: 1.455 GC heap after
Heap after GC invocations=22 (full 2):
 def new generation   total 9664K, used 1K [0x237a0000, 0x24210000, 0x28cf0000)
  eden space 8640K,   0% used [0x237a0000, 0x237a0000, 0x24010000)
  from space 1024K,   0% used [0x24110000, 0x24110470, 0x24210000)
  to   space 1024K,   0% used [0x24010000, 0x24010000, 0x24110000)
 tenured generation   total 21352K, used 15910K [0x28cf0000, 0x2a1ca000, 0x337a0000)
   the space 21352K,  74% used [0x28cf0000, 0x29c79850, 0x29c79a00, 0x2a1ca000)
 compacting perm gen  total 12288K, used 843K [0x337a0000, 0x343a0000, 0x377a0000)
   the space 12288K,   6% used [0x337a0000, 0x33872cc0, 0x33872e00, 0x343a0000)
    ro space 10240K,  41% used [0x377a0000, 0x37bd2050, 0x37bd2200, 0x381a0000)
    rw space 12288K,  52% used [0x381a0000, 0x387e6800, 0x387e6800, 0x38da0000)
}
Event: 1.521 GC heap before
{Heap before GC invocations=22 (full 2):
 def new generation   total 9664K, used 8309K [0x237a0000, 0x24210000, 0x28cf0000)
  eden space 8640K,  96% used [0x237a0000, 0x23fbd190, 0x24010000)
  from space 1024K,   0% used [0x24110000, 0x24110470, 0x24210000)
  to   space 1024K,   0% used [0x24010000, 0x24010000, 0x24110000)
 tenured generation   total 21352K, used 15910K [0x28cf0000, 0x2a1ca000, 0x337a0000)
   the space 21352K,  74% used [0x28cf0000, 0x29c79850, 0x29c79a00, 0x2a1ca000)
 compacting perm gen  total 12288K, used 843K [0x337a0000, 0x343a0000, 0x377a0000)
   the space 12288K,   6% used [0x337a0000, 0x33872cc0, 0x33872e00, 0x343a0000)
    ro space 10240K,  41% used [0x377a0000, 0x37bd2050, 0x37bd2200, 0x381a0000)
    rw space 12288K,  52% used [0x381a0000, 0x387e6800, 0x387e6800, 0x38da0000)
Event: 1.540 GC heap after
Heap after GC invocations=23 (full 3):
 def new generation   total 12736K, used 0K [0x237a0000, 0x24570000, 0x28cf0000)
  eden space 11328K,   0% used [0x237a0000, 0x237a0000, 0x242b0000)
  from space 1408K,   0% used [0x242b0000, 0x242b0000, 0x24410000)
  to   space 1408K,   0% used [0x24410000, 0x24410000, 0x24570000)
 tenured generation   total 28200K, used 16919K [0x28cf0000, 0x2a87a000, 0x337a0000)
   the space 28200K,  59% used [0x28cf0000, 0x29d75fc8, 0x29d76000, 0x2a87a000)
 compacting perm gen  total 12288K, used 843K [0x337a0000, 0x343a0000, 0x377a0000)
   the space 12288K,   6% used [0x337a0000, 0x33872cc0, 0x33872e00, 0x343a0000)
    ro space 10240K,  41% used [0x377a0000, 0x37bd2050, 0x37bd2200, 0x381a0000)
    rw space 12288K,  52% used [0x381a0000, 0x387e6800, 0x387e6800, 0x38da0000)
}
Event: 1.868 GC heap before
{Heap before GC invocations=23 (full 3):
 def new generation   total 12736K, used 11328K [0x237a0000, 0x24570000, 0x28cf0000)
  eden space 11328K, 100% used [0x237a0000, 0x242b0000, 0x242b0000)
  from space 1408K,   0% used [0x242b0000, 0x242b0040, 0x24410000)
  to   space 1408K,   0% used [0x24410000, 0x24410000, 0x24570000)
 tenured generation   total 28200K, used 16919K [0x28cf0000, 0x2a87a000, 0x337a0000)
   the space 28200K,  59% used [0x28cf0000, 0x29d75fc8, 0x29d76000, 0x2a87a000)
 compacting perm gen  total 12288K, used 843K [0x337a0000, 0x343a0000, 0x377a0000)
   the space 12288K,   6% used [0x337a0000, 0x33872cc0, 0x33872e00, 0x343a0000)
    ro space 10240K,  41% used [0x377a0000, 0x37bd2050, 0x37bd2200, 0x381a0000)
    rw space 12288K,  52% used [0x381a0000, 0x387e6800, 0x387e6800, 0x38da0000)
Event: 1.872 GC heap after
Heap after GC invocations=24 (full 3):
 def new generation   total 12736K, used 63K [0x237a0000, 0x24570000, 0x28cf0000)
  eden space 11328K,   0% used [0x237a0000, 0x237a0000, 0x242b0000)
  from space 1408K,   4% used [0x24410000, 0x2441ff80, 0x24570000)
  to   space 1408K,   0% used [0x242b0000, 0x242b0000, 0x24410000)
 tenured generation   total 28200K, used 25111K [0x28cf0000, 0x2a87a000, 0x337a0000)
   the space 28200K,  89% used [0x28cf0000, 0x2a575fe8, 0x2a576000, 0x2a87a000)
 compacting perm gen  total 12288K, used 843K [0x337a0000, 0x343a0000, 0x377a0000)
   the space 12288K,   6% used [0x337a0000, 0x33872cc0, 0x33872e00, 0x343a0000)
    ro space 10240K,  41% used [0x377a0000, 0x37bd2050, 0x37bd2200, 0x381a0000)
    rw space 12288K,  52% used [0x381a0000, 0x387e6800, 0x387e6800, 0x38da0000)
}
Event: 2.837 GC heap before
{Heap before GC invocations=24 (full 3):
 def new generation   total 12736K, used 11391K [0x237a0000, 0x24570000, 0x28cf0000)
  eden space 11328K, 100% used [0x237a0000, 0x242b0000, 0x242b0000)
  from space 1408K,   4% used [0x24410000, 0x2441ff80, 0x24570000)
  to   space 1408K,   0% used [0x242b0000, 0x242b0000, 0x24410000)
 tenured generation   total 28200K, used 25111K [0x28cf0000, 0x2a87a000, 0x337a0000)
   the space 28200K,  89% used [0x28cf0000, 0x2a575fe8, 0x2a576000, 0x2a87a000)
 compacting perm gen  total 12288K, used 1991K [0x337a0000, 0x343a0000, 0x377a0000)
   the space 12288K,  16% used [0x337a0000, 0x33991fc8, 0x33992000, 0x343a0000)
    ro space 10240K,  41% used [0x377a0000, 0x37bd2050, 0x37bd2200, 0x381a0000)
    rw space 12288K,  52% used [0x381a0000, 0x387e6800, 0x387e6800, 0x38da0000)
Event: 2.843 GC heap after
Heap after GC invocations=25 (full 3):
 def new generation   total 12736K, used 1120K [0x237a0000, 0x24570000, 0x28cf0000)
  eden space 11328K,   0% used [0x237a0000, 0x237a0000, 0x242b0000)
  from space 1408K,  79% used [0x242b0000, 0x243c82f8, 0x24410000)
  to   space 1408K,   0% used [0x24410000, 0x24410000, 0x24570000)
 tenured generation   total 28200K, used 25111K [0x28cf0000, 0x2a87a000, 0x337a0000)
   the space 28200K,  89% used [0x28cf0000, 0x2a575fe8, 0x2a576000, 0x2a87a000)
 compacting perm gen  total 12288K, used 1991K [0x337a0000, 0x343a0000, 0x377a0000)
   the space 12288K,  16% used [0x337a0000, 0x33991fc8, 0x33992000, 0x343a0000)
    ro space 10240K,  41% used [0x377a0000, 0x37bd2050, 0x37bd2200, 0x381a0000)
    rw space 12288K,  52% used [0x381a0000, 0x387e6800, 0x387e6800, 0x38da0000)
}
Event: 20.453 GC heap before
{Heap before GC invocations=25 (full 3):
 def new generation   total 12736K, used 12448K [0x237a0000, 0x24570000, 0x28cf0000)
  eden space 11328K, 100% used [0x237a0000, 0x242b0000, 0x242b0000)
  from space 1408K,  79% used [0x242b0000, 0x243c82f8, 0x24410000)
  to   space 1408K,   0% used [0x24410000, 0x24410000, 0x24570000)
 tenured generation   total 28200K, used 25111K [0x28cf0000, 0x2a87a000, 0x337a0000)
   the space 28200K,  89% used [0x28cf0000, 0x2a575fe8, 0x2a576000, 0x2a87a000)
 compacting perm gen  total 12288K, used 4184K [0x337a0000, 0x343a0000, 0x377a0000)
   the space 12288K,  34% used [0x337a0000, 0x33bb6130, 0x33bb6200, 0x343a0000)
    ro space 10240K,  41% used [0x377a0000, 0x37bd2050, 0x37bd2200, 0x381a0000)
    rw space 12288K,  52% used [0x381a0000, 0x387e6800, 0x387e6800, 0x38da0000)
Event: 20.466 GC heap after
Heap after GC invocations=26 (full 3):
 def new generation   total 12736K, used 1408K [0x237a0000, 0x24570000, 0x28cf0000)
  eden space 11328K,   0% used [0x237a0000, 0x237a0000, 0x242b0000)
  from space 1408K, 100% used [0x24410000, 0x24570000, 0x24570000)
  to   space 1408K,   0% used [0x242b0000, 0x242b0000, 0x24410000)
 tenured generation   total 28200K, used 26322K [0x28cf0000, 0x2a87a000, 0x337a0000)
   the space 28200K,  93% used [0x28cf0000, 0x2a6a4b80, 0x2a6a4c00, 0x2a87a000)
 compacting perm gen  total 12288K, used 4184K [0x337a0000, 0x343a0000, 0x377a0000)
   the space 12288K,  34% used [0x337a0000, 0x33bb6130, 0x33bb6200, 0x343a0000)
    ro space 10240K,  41% used [0x377a0000, 0x37bd2050, 0x37bd2200, 0x381a0000)
    rw space 12288K,  52% used [0x381a0000, 0x387e6800, 0x387e6800, 0x38da0000)
}

Deoptimization events (0 events):
No events

Internal exceptions (10 events):
Event: 3.963 Thread 0x0138ec00 Threw 0x241166f8 at C:\re\jdk7u51\527\hotspot\src\share\vm\prims\jvm.cpp:1244
Event: 3.964 Thread 0x0138ec00 Threw 0x2411d1d0 at C:\re\jdk7u51\527\hotspot\src\share\vm\prims\jvm.cpp:1244
Event: 3.964 Thread 0x0138ec00 Threw 0x24121930 at C:\re\jdk7u51\527\hotspot\src\share\vm\prims\jvm.cpp:1244
Event: 3.965 Thread 0x0138ec00 Threw 0x241261d0 at C:\re\jdk7u51\527\hotspot\src\share\vm\prims\jvm.cpp:1244
Event: 3.966 Thread 0x0138ec00 Threw 0x24132528 at C:\re\jdk7u51\527\hotspot\src\share\vm\prims\jvm.cpp:1244
Event: 3.968 Thread 0x0138ec00 Threw 0x2413b6f0 at C:\re\jdk7u51\527\hotspot\src\share\vm\prims\jvm.cpp:1244
Event: 3.969 Thread 0x0138ec00 Threw 0x2415d958 at C:\re\jdk7u51\527\hotspot\src\share\vm\prims\jvm.cpp:1244
Event: 3.972 Thread 0x0138ec00 Threw 0x24172ec8 at C:\re\jdk7u51\527\hotspot\src\share\vm\prims\jvm.cpp:1244
Event: 5.490 Thread 0x0138ec00 Threw 0x241e9958 at C:\re\jdk7u51\527\hotspot\src\share\vm\prims\jvm.cpp:1244
Event: 5.492 Thread 0x0138ec00 Threw 0x241f0658 at C:\re\jdk7u51\527\hotspot\src\share\vm\prims\jvm.cpp:1244

Events (10 events):
Event: 20.468 Executing VM operation: RevokeBias
Event: 20.468 Executing VM operation: RevokeBias done
Event: 20.468 Executing VM operation: RevokeBias
Event: 20.468 Executing VM operation: RevokeBias done
Event: 20.469 Executing VM operation: RevokeBias
Event: 20.469 Executing VM operation: RevokeBias done
Event: 20.469 Executing VM operation: RevokeBias
Event: 20.469 Executing VM operation: RevokeBias done
Event: 20.469 Executing VM operation: RevokeBias
Event: 20.469 Executing VM operation: RevokeBias done


Dynamic libraries:
0x013e0000 - 0x0140f000 	C:\Program Files\Java\jre7\bin\javaw.exe
0x77860000 - 0x7799c000 	C:\windows\SYSTEM32\ntdll.dll
0x774b0000 - 0x77584000 	C:\windows\system32\kernel32.dll
0x75b50000 - 0x75b9b000 	C:\windows\system32\KERNELBASE.dll
0x76570000 - 0x76610000 	C:\windows\system32\ADVAPI32.dll
0x77590000 - 0x7763c000 	C:\windows\system32\msvcrt.dll
0x76430000 - 0x76449000 	C:\windows\SYSTEM32\sechost.dll
0x779e0000 - 0x77a81000 	C:\windows\system32\RPCRT4.dll
0x75fd0000 - 0x76099000 	C:\windows\system32\USER32.dll
0x760a0000 - 0x760ee000 	C:\windows\system32\GDI32.dll
0x779d0000 - 0x779da000 	C:\windows\system32\LPK.dll
0x76730000 - 0x767ce000 	C:\windows\system32\USP10.dll
0x74b30000 - 0x74cce000 	C:\windows\WinSxS\x86_microsoft.windows.common-controls_6595b64144ccf1df_6.0.7600.16661_none_420fe3fa2b8113bd\COMCTL32.dll
0x75f70000 - 0x75fc7000 	C:\windows\system32\SHLWAPI.dll
0x779b0000 - 0x779cf000 	C:\windows\system32\IMM32.DLL
0x75cf0000 - 0x75dbc000 	C:\windows\system32\MSCTF.dll
0x61070000 - 0x6112f000 	C:\Program Files\Java\jre7\bin\msvcr100.dll
0x657a0000 - 0x65b20000 	C:\Program Files\Java\jre7\bin\client\jvm.dll
0x74f70000 - 0x74f77000 	C:\windows\system32\WSOCK32.dll
0x763f0000 - 0x76425000 	C:\windows\system32\WS2_32.dll
0x779a0000 - 0x779a6000 	C:\windows\system32\NSI.dll
0x74da0000 - 0x74dd2000 	C:\windows\system32\WINMM.dll
0x75dc0000 - 0x75dc5000 	C:\windows\system32\PSAPI.DLL
0x66130000 - 0x6613c000 	C:\Program Files\Java\jre7\bin\verify.dll
0x66110000 - 0x66130000 	C:\Program Files\Java\jre7\bin\java.dll
0x660f0000 - 0x66103000 	C:\Program Files\Java\jre7\bin\zip.dll
0x5f670000 - 0x5f7b3000 	C:\Program Files\Java\jre7\bin\awt.dll
0x77420000 - 0x774af000 	C:\windows\system32\OLEAUT32.dll
0x76210000 - 0x7636c000 	C:\windows\system32\ole32.dll
0x73f00000 - 0x73f13000 	C:\windows\system32\DWMAPI.DLL
0x6cec0000 - 0x6cf42000 	C:\Users\usuario\AppData\Local\Temp\libgdxusuario\6df0928e\gdx.dll
0x10000000 - 0x1004c000 	C:\Users\usuario\AppData\Local\Temp\libgdxusuario\52d76f2b\lwjgl.dll
0x5f5a0000 - 0x5f668000 	C:\windows\system32\OPENGL32.dll
0x73d10000 - 0x73d32000 	C:\windows\system32\GLU32.dll
0x5ee00000 - 0x5eee7000 	C:\windows\system32\DDRAW.dll
0x74800000 - 0x74806000 	C:\windows\system32\DCIMAN32.dll
0x75dd0000 - 0x75f6d000 	C:\windows\system32\SETUPAPI.dll
0x75b00000 - 0x75b27000 	C:\windows\system32\CFGMGR32.dll
0x75b30000 - 0x75b42000 	C:\windows\system32\DEVOBJ.dll
0x74fa0000 - 0x74fa9000 	C:\windows\system32\VERSION.dll
0x03b00000 - 0x03b65000 	C:\Users\usuario\AppData\Local\Temp\libgdxusuario\52d76f2b\OpenAL32.dll
0x767d0000 - 0x77419000 	C:\windows\system32\SHELL32.dll
0x75970000 - 0x7597c000 	C:\windows\system32\CRYPTBASE.dll
0x74230000 - 0x74270000 	C:\windows\system32\uxtheme.dll
0x03bd0000 - 0x03c4d000 	c:\Program Files\Hewlett-Packard\HP ProtectTools Security Manager\Bin\DpoFeedb.dll
0x75110000 - 0x75127000 	C:\windows\system32\USERENV.dll
0x759f0000 - 0x759fb000 	C:\windows\system32\profapi.dll
0x6adb0000 - 0x6add0000 	C:\Program Files\Common Files\Spigot\Search Settings\wth166.dll
0x76450000 - 0x764d3000 	C:\windows\system32\CLBCatQ.DLL
0x74a30000 - 0x74b25000 	C:\windows\System32\PROPSYS.dll
0x75cc0000 - 0x75ced000 	C:\windows\system32\WINTRUST.dll
0x75ba0000 - 0x75cbe000 	C:\windows\system32\CRYPT32.dll
0x75a60000 - 0x75a6c000 	C:\windows\system32\MSASN1.dll
0x74680000 - 0x746f2000 	C:\windows\system32\dsound.dll
0x74740000 - 0x74765000 	C:\windows\system32\POWRPROF.dll
0x74700000 - 0x74739000 	C:\windows\System32\MMDevApi.dll
0x745b0000 - 0x745e6000 	C:\windows\system32\AUDIOSES.DLL
0x05100000 - 0x05ba3000 	C:\windows\system32\ig4icd32.dll
0x03a70000 - 0x03aa8000 	C:\Program Files\WIDCOMM\Bluetooth Software\btmmhook.dll
0x66750000 - 0x6676f000 	c:\Program Files\Hewlett-Packard\HP ProtectTools Security Manager\Bin\DpoSet.dll
0x6c390000 - 0x6c41e000 	C:\windows\WinSxS\x86_microsoft.vc90.crt_1fc8b3b9a1e18e3b_9.0.30729.4974_none_50940634bcb759cb\MSVCP90.dll
0x70ef0000 - 0x70f93000 	C:\windows\WinSxS\x86_microsoft.vc90.crt_1fc8b3b9a1e18e3b_9.0.30729.4974_none_50940634bcb759cb\MSVCR90.dll
0x674b0000 - 0x67529000 	C:\windows\system32\mscms.dll
0x67470000 - 0x674a8000 	C:\windows\system32\icm32.dll
0x03cf0000 - 0x03d11000 	C:\Program Files\WIDCOMM\Bluetooth Software\btkeyind.dll
0x6d610000 - 0x6d6fb000 	C:\windows\system32\dbghelp.dll

VM Arguments:
jvm_args: -Dfile.encoding=Cp1252 
java_command: com.me.mygdxgame.Main
Launcher Type: SUN_STANDARD

Environment Variables:
JAVA_HOME=C:\Program Files\Java\jdk1.7.0
CLASSPATH=.;C:\Program Files\Java\jre7\lib\ext\QTJava.zip
PATH=C:/Program Files/Java/jre7/bin/client;C:/Program Files/Java/jre7/bin;C:/Program Files/Java/jre7/lib/i386;C:\Software\Oracle\oraclexe\app\oracle\product\11.2.0\server\bin;;C:\Software\Oracle\ODAC;C:\Software\Oracle\ODAC\bin;C:\windows\system32;C:\windows;C:\windows\System32\Wbem;C:\windows\System32\WindowsPowerShell\v1.0\;c:\Program Files\Common Files\Roxio Shared\DLLShared\;c:\Program Files\Common Files\Roxio Shared\10.0\DLLShared\;C:\Program Files\ActivIdentity\ActivClient\;c:\Program Files\Hewlett-Packard\Drive Encryption\;C:\Program Files\WIDCOMM\Bluetooth Software\;C:\Program Files\Common Files\Acronis\SnapAPI\;c:\Program Files\Microsoft SQL Server\90\Tools\binn\;C:\Program Files\MATLAB\R2008a\bin;C:\Program Files\MATLAB\R2008a\bin\win32;JAVA_HOME\bin;C:\Program Files\QuickTime\QTSystem\;C:\Software\Doxygen\doxygen\bin;C:\Program Files\AMD\CodeAnalyst\bin;C:\Program Files\Microsoft\Web Platform Installer\;C:\Program Files\Microsoft ASP.NET\ASP.NET Web Pages\v1.0\;C:\Program Files\Windows Kits\8.0\Windows Performance Toolkit\;C:\Program Files\Microsoft SQL Server\110\Tools\Binn\;C:\Program Files\Eclipse Android\adt-bundle-windows-x86-20131030\eclipse;
USERNAME=usuario
OS=Windows_NT
PROCESSOR_IDENTIFIER=x86 Family 6 Model 37 Stepping 2, GenuineIntel



---------------  S Y S T E M  ---------------

OS: Windows 7 Build 7600 

CPU:total 4 (2 cores per cpu, 2 threads per core) family 6 model 37 stepping 2, cmov, cx8, fxsr, mmx, sse, sse2, sse3, ssse3, sse4.1, sse4.2, popcnt, aes, ht, tsc, tscinvbit

Memory: 4k page, physical 3063224k(1477392k free), swap 6124684k(3579468k free)

vm_info: Java HotSpot(TM) Client VM (24.51-b03) for windows-x86 JRE (1.7.0_51-b13), built on Dec 18 2013 19:09:58 by "java_re" with unknown MS VC++:1600

time: Tue Mar 25 16:23:07 2014
elapsed time: 49 seconds

